[2025-06-11T14:58:07.243+0000] {taskinstance.py:1157} INFO - Dependencies all met for dep_context=non-requeueable deps ti=<TaskInstance: sales_data_pipeline.extract_sales_data scheduled__2025-06-10T02:00:00+00:00 [queued]>
[2025-06-11T14:58:07.250+0000] {taskinstance.py:1157} INFO - Dependencies all met for dep_context=requeueable deps ti=<TaskInstance: sales_data_pipeline.extract_sales_data scheduled__2025-06-10T02:00:00+00:00 [queued]>
[2025-06-11T14:58:07.250+0000] {taskinstance.py:1359} INFO - Starting attempt 2 of 3
[2025-06-11T14:58:07.257+0000] {taskinstance.py:1380} INFO - Executing <Task(PythonOperator): extract_sales_data> on 2025-06-10 02:00:00+00:00
[2025-06-11T14:58:07.261+0000] {standard_task_runner.py:57} INFO - Started process 2867 to run task
[2025-06-11T14:58:07.264+0000] {standard_task_runner.py:84} INFO - Running: ['***', 'tasks', 'run', 'sales_data_pipeline', 'extract_sales_data', 'scheduled__2025-06-10T02:00:00+00:00', '--job-id', '5', '--raw', '--subdir', 'DAGS_FOLDER/sales_pipeline_dag.py', '--cfg-path', '/tmp/tmpdj2q33j0']
[2025-06-11T14:58:07.267+0000] {standard_task_runner.py:85} INFO - Job 5: Subtask extract_sales_data
[2025-06-11T14:58:07.307+0000] {task_command.py:415} INFO - Running <TaskInstance: sales_data_pipeline.extract_sales_data scheduled__2025-06-10T02:00:00+00:00 [running]> on host e04f6cd33f35
[2025-06-11T14:58:07.353+0000] {taskinstance.py:1660} INFO - Exporting env vars: AIRFLOW_CTX_DAG_EMAIL='admin@company.com' AIRFLOW_CTX_DAG_OWNER='data-engineering' AIRFLOW_CTX_DAG_ID='sales_data_pipeline' AIRFLOW_CTX_TASK_ID='extract_sales_data' AIRFLOW_CTX_EXECUTION_DATE='2025-06-10T02:00:00+00:00' AIRFLOW_CTX_TRY_NUMBER='2' AIRFLOW_CTX_DAG_RUN_ID='scheduled__2025-06-10T02:00:00+00:00'
[2025-06-11T14:58:07.358+0000] {logging_mixin.py:151} WARNING - /home/***/.local/lib/python3.8/site-packages/***/utils/context.py:314 AirflowContextDeprecationWarning: Accessing 'execution_date' from the template is deprecated and will be removed in a future version. Please use 'data_interval_start' or 'logical_date' instead.
[2025-06-11T14:58:07.364+0000] {sales_pipeline_dag.py:74} ERROR - Error extracting sales data: The conn_id `sales_db_conn` isn't defined
[2025-06-11T14:58:07.369+0000] {taskinstance.py:1935} ERROR - Task failed with exception
Traceback (most recent call last):
  File "/home/airflow/.local/lib/python3.8/site-packages/airflow/operators/python.py", line 192, in execute
    return_value = self.execute_callable()
  File "/home/airflow/.local/lib/python3.8/site-packages/airflow/operators/python.py", line 209, in execute_callable
    return self.python_callable(*self.op_args, **self.op_kwargs)
  File "/opt/airflow/dags/sales_pipeline_dag.py", line 61, in extract_sales_data
    df = pg_hook.get_pandas_df(sql)
  File "/home/airflow/.local/lib/python3.8/site-packages/airflow/providers/common/sql/hooks/sql.py", line 218, in get_pandas_df
    with closing(self.get_conn()) as conn:
  File "/home/airflow/.local/lib/python3.8/site-packages/airflow/providers/postgres/hooks/postgres.py", line 124, in get_conn
    conn = deepcopy(self.connection or self.get_connection(conn_id))
  File "/home/airflow/.local/lib/python3.8/site-packages/airflow/hooks/base.py", line 72, in get_connection
    conn = Connection.get_connection_from_secrets(conn_id)
  File "/home/airflow/.local/lib/python3.8/site-packages/airflow/models/connection.py", line 477, in get_connection_from_secrets
    raise AirflowNotFoundException(f"The conn_id `{conn_id}` isn't defined")
airflow.exceptions.AirflowNotFoundException: The conn_id `sales_db_conn` isn't defined
[2025-06-11T14:58:07.372+0000] {taskinstance.py:1398} INFO - Marking task as UP_FOR_RETRY. dag_id=sales_data_pipeline, task_id=extract_sales_data, execution_date=20250610T020000, start_date=20250611T145807, end_date=20250611T145807
[2025-06-11T14:58:07.379+0000] {standard_task_runner.py:104} ERROR - Failed to execute job 5 for task extract_sales_data (The conn_id `sales_db_conn` isn't defined; 2867)
[2025-06-11T14:58:07.403+0000] {local_task_job_runner.py:228} INFO - Task exited with return code 1
[2025-06-11T14:58:07.420+0000] {taskinstance.py:2776} INFO - 0 downstream tasks scheduled from follow-on schedule check
