{"timestamp":"2026-02-03T10:35:52.969892Z","level":"info","event":"Filling up the DagBag from /opt/airflow/dags/11_incremental_load.py","logger":"airflow.models.dagbag.DagBag","filename":"dagbag.py","lineno":593}
{"timestamp":"2026-02-03T10:36:24.105582Z","level":"info","event":"Filling up the DagBag from /opt/airflow/dags/11_incremental_load.py","logger":"airflow.models.dagbag.DagBag","filename":"dagbag.py","lineno":593}
{"timestamp":"2026-02-03T10:36:54.542259Z","level":"info","event":"Filling up the DagBag from /opt/airflow/dags/11_incremental_load.py","logger":"airflow.models.dagbag.DagBag","filename":"dagbag.py","lineno":593}
{"timestamp":"2026-02-03T10:37:08.321105Z","level":"info","event":"Filling up the DagBag from /opt/airflow/dags/11_incremental_load.py","logger":"airflow.models.dagbag.DagBag","filename":"dagbag.py","lineno":593}
{"timestamp":"2026-02-03T10:37:08.376104Z","level":"error","event":"Failed to import: /opt/airflow/dags/11_incremental_load.py","logger":"airflow.models.dagbag.DagBag","filename":"dagbag.py","lineno":415,"error_detail":[{"exc_type":"ValueError","exc_value":"day is out of range for month","exc_notes":[],"syntax_error":null,"is_cause":false,"frames":[{"filename":"/home/airflow/.local/lib/python3.12/site-packages/airflow/models/dagbag.py","lineno":405,"name":"parse"},{"filename":"<frozen importlib._bootstrap_external>","lineno":999,"name":"exec_module"},{"filename":"<frozen importlib._bootstrap>","lineno":488,"name":"_call_with_frames_removed"},{"filename":"/opt/airflow/dags/11_incremental_load.py","lineno":9,"name":"<module>"},{"filename":"/home/airflow/.local/lib/python3.12/site-packages/pendulum/__init__.py","lineno":140,"name":"datetime"},{"filename":"/home/airflow/.local/lib/python3.12/site-packages/pendulum/datetime.py","lineno":105,"name":"create"}],"is_group":false,"exceptions":[]}]}
{"timestamp":"2026-02-03T10:37:38.882417Z","level":"info","event":"Filling up the DagBag from /opt/airflow/dags/11_incremental_load.py","logger":"airflow.models.dagbag.DagBag","filename":"dagbag.py","lineno":593}
{"timestamp":"2026-02-03T10:37:38.921213Z","level":"error","event":"Failed to import: /opt/airflow/dags/11_incremental_load.py","logger":"airflow.models.dagbag.DagBag","filename":"dagbag.py","lineno":415,"error_detail":[{"exc_type":"ValueError","exc_value":"day is out of range for month","exc_notes":[],"syntax_error":null,"is_cause":false,"frames":[{"filename":"/home/airflow/.local/lib/python3.12/site-packages/airflow/models/dagbag.py","lineno":405,"name":"parse"},{"filename":"<frozen importlib._bootstrap_external>","lineno":999,"name":"exec_module"},{"filename":"<frozen importlib._bootstrap>","lineno":488,"name":"_call_with_frames_removed"},{"filename":"/opt/airflow/dags/11_incremental_load.py","lineno":9,"name":"<module>"},{"filename":"/home/airflow/.local/lib/python3.12/site-packages/pendulum/__init__.py","lineno":140,"name":"datetime"},{"filename":"/home/airflow/.local/lib/python3.12/site-packages/pendulum/datetime.py","lineno":105,"name":"create"}],"is_group":false,"exceptions":[]}]}
{"timestamp":"2026-02-03T10:38:09.050272Z","level":"info","event":"Filling up the DagBag from /opt/airflow/dags/11_incremental_load.py","logger":"airflow.models.dagbag.DagBag","filename":"dagbag.py","lineno":593}
{"timestamp":"2026-02-03T10:38:09.079724Z","level":"error","event":"Failed to import: /opt/airflow/dags/11_incremental_load.py","logger":"airflow.models.dagbag.DagBag","filename":"dagbag.py","lineno":415,"error_detail":[{"exc_type":"ValueError","exc_value":"day is out of range for month","exc_notes":[],"syntax_error":null,"is_cause":false,"frames":[{"filename":"/home/airflow/.local/lib/python3.12/site-packages/airflow/models/dagbag.py","lineno":405,"name":"parse"},{"filename":"<frozen importlib._bootstrap_external>","lineno":999,"name":"exec_module"},{"filename":"<frozen importlib._bootstrap>","lineno":488,"name":"_call_with_frames_removed"},{"filename":"/opt/airflow/dags/11_incremental_load.py","lineno":9,"name":"<module>"},{"filename":"/home/airflow/.local/lib/python3.12/site-packages/pendulum/__init__.py","lineno":140,"name":"datetime"},{"filename":"/home/airflow/.local/lib/python3.12/site-packages/pendulum/datetime.py","lineno":105,"name":"create"}],"is_group":false,"exceptions":[]}]}
{"timestamp":"2026-02-03T10:38:11.687232Z","level":"info","event":"Filling up the DagBag from /opt/airflow/dags/11_incremental_load.py","logger":"airflow.models.dagbag.DagBag","filename":"dagbag.py","lineno":593}
{"timestamp":"2026-02-03T10:38:11.740405Z","level":"warning","event":"The `airflow.decorators.dag` attribute is deprecated. Please use `'airflow.sdk.dag'`.","category":"DeprecatedImportWarning","filename":"/opt/airflow/dags/11_incremental_load.py","lineno":1,"logger":"py.warnings"}
{"timestamp":"2026-02-03T10:38:11.740523Z","level":"warning","event":"The `airflow.decorators.task` attribute is deprecated. Please use `'airflow.sdk.task'`.","category":"DeprecatedImportWarning","filename":"/opt/airflow/dags/11_incremental_load.py","lineno":1,"logger":"py.warnings"}
{"timestamp":"2026-02-03T10:38:42.692922Z","level":"info","event":"Filling up the DagBag from /opt/airflow/dags/11_incremental_load.py","logger":"airflow.models.dagbag.DagBag","filename":"dagbag.py","lineno":593}
{"timestamp":"2026-02-03T10:38:42.731422Z","level":"warning","event":"The `airflow.decorators.dag` attribute is deprecated. Please use `'airflow.sdk.dag'`.","category":"DeprecatedImportWarning","filename":"/opt/airflow/dags/11_incremental_load.py","lineno":1,"logger":"py.warnings"}
{"timestamp":"2026-02-03T10:38:42.731593Z","level":"warning","event":"The `airflow.decorators.task` attribute is deprecated. Please use `'airflow.sdk.task'`.","category":"DeprecatedImportWarning","filename":"/opt/airflow/dags/11_incremental_load.py","lineno":1,"logger":"py.warnings"}
{"timestamp":"2026-02-03T10:39:13.092780Z","level":"info","event":"Filling up the DagBag from /opt/airflow/dags/11_incremental_load.py","logger":"airflow.models.dagbag.DagBag","filename":"dagbag.py","lineno":593}
{"timestamp":"2026-02-03T10:39:13.219960Z","level":"warning","event":"The `airflow.decorators.dag` attribute is deprecated. Please use `'airflow.sdk.dag'`.","category":"DeprecatedImportWarning","filename":"/opt/airflow/dags/11_incremental_load.py","lineno":1,"logger":"py.warnings"}
{"timestamp":"2026-02-03T10:39:13.220779Z","level":"warning","event":"The `airflow.decorators.task` attribute is deprecated. Please use `'airflow.sdk.task'`.","category":"DeprecatedImportWarning","filename":"/opt/airflow/dags/11_incremental_load.py","lineno":1,"logger":"py.warnings"}
{"timestamp":"2026-02-03T10:39:21.658486Z","level":"info","event":"Filling up the DagBag from /opt/airflow/dags/11_incremental_load.py","logger":"airflow.models.dagbag.DagBag","filename":"dagbag.py","lineno":593}
{"timestamp":"2026-02-03T10:39:21.739332Z","level":"warning","event":"The `airflow.decorators.dag` attribute is deprecated. Please use `'airflow.sdk.dag'`.","category":"DeprecatedImportWarning","filename":"/opt/airflow/dags/11_incremental_load.py","lineno":1,"logger":"py.warnings"}
{"timestamp":"2026-02-03T10:39:21.739563Z","level":"warning","event":"The `airflow.decorators.task` attribute is deprecated. Please use `'airflow.sdk.task'`.","category":"DeprecatedImportWarning","filename":"/opt/airflow/dags/11_incremental_load.py","lineno":1,"logger":"py.warnings"}
{"timestamp":"2026-02-03T10:39:52.604986Z","level":"info","event":"Filling up the DagBag from /opt/airflow/dags/11_incremental_load.py","logger":"airflow.models.dagbag.DagBag","filename":"dagbag.py","lineno":593}
{"timestamp":"2026-02-03T10:39:52.666686Z","level":"warning","event":"The `airflow.decorators.dag` attribute is deprecated. Please use `'airflow.sdk.dag'`.","category":"DeprecatedImportWarning","filename":"/opt/airflow/dags/11_incremental_load.py","lineno":1,"logger":"py.warnings"}
{"timestamp":"2026-02-03T10:39:52.666894Z","level":"warning","event":"The `airflow.decorators.task` attribute is deprecated. Please use `'airflow.sdk.task'`.","category":"DeprecatedImportWarning","filename":"/opt/airflow/dags/11_incremental_load.py","lineno":1,"logger":"py.warnings"}
{"timestamp":"2026-02-03T10:40:23.940310Z","level":"info","event":"Filling up the DagBag from /opt/airflow/dags/11_incremental_load.py","logger":"airflow.models.dagbag.DagBag","filename":"dagbag.py","lineno":593}
{"timestamp":"2026-02-03T10:40:24.011363Z","level":"warning","event":"The `airflow.decorators.dag` attribute is deprecated. Please use `'airflow.sdk.dag'`.","category":"DeprecatedImportWarning","filename":"/opt/airflow/dags/11_incremental_load.py","lineno":1,"logger":"py.warnings"}
{"timestamp":"2026-02-03T10:40:24.011541Z","level":"warning","event":"The `airflow.decorators.task` attribute is deprecated. Please use `'airflow.sdk.task'`.","category":"DeprecatedImportWarning","filename":"/opt/airflow/dags/11_incremental_load.py","lineno":1,"logger":"py.warnings"}
{"timestamp":"2026-02-03T10:40:54.270660Z","level":"info","event":"Filling up the DagBag from /opt/airflow/dags/11_incremental_load.py","logger":"airflow.models.dagbag.DagBag","filename":"dagbag.py","lineno":593}
{"timestamp":"2026-02-03T10:40:54.318691Z","level":"warning","event":"The `airflow.decorators.dag` attribute is deprecated. Please use `'airflow.sdk.dag'`.","category":"DeprecatedImportWarning","filename":"/opt/airflow/dags/11_incremental_load.py","lineno":1,"logger":"py.warnings"}
{"timestamp":"2026-02-03T10:40:54.318857Z","level":"warning","event":"The `airflow.decorators.task` attribute is deprecated. Please use `'airflow.sdk.task'`.","category":"DeprecatedImportWarning","filename":"/opt/airflow/dags/11_incremental_load.py","lineno":1,"logger":"py.warnings"}
{"timestamp":"2026-02-03T10:41:25.267758Z","level":"info","event":"Filling up the DagBag from /opt/airflow/dags/11_incremental_load.py","logger":"airflow.models.dagbag.DagBag","filename":"dagbag.py","lineno":593}
{"timestamp":"2026-02-03T10:41:25.309867Z","level":"warning","event":"The `airflow.decorators.dag` attribute is deprecated. Please use `'airflow.sdk.dag'`.","category":"DeprecatedImportWarning","filename":"/opt/airflow/dags/11_incremental_load.py","lineno":1,"logger":"py.warnings"}
{"timestamp":"2026-02-03T10:41:25.310067Z","level":"warning","event":"The `airflow.decorators.task` attribute is deprecated. Please use `'airflow.sdk.task'`.","category":"DeprecatedImportWarning","filename":"/opt/airflow/dags/11_incremental_load.py","lineno":1,"logger":"py.warnings"}
{"timestamp":"2026-02-03T10:41:55.761672Z","level":"info","event":"Filling up the DagBag from /opt/airflow/dags/11_incremental_load.py","logger":"airflow.models.dagbag.DagBag","filename":"dagbag.py","lineno":593}
{"timestamp":"2026-02-03T10:41:55.791377Z","level":"warning","event":"The `airflow.decorators.dag` attribute is deprecated. Please use `'airflow.sdk.dag'`.","category":"DeprecatedImportWarning","filename":"/opt/airflow/dags/11_incremental_load.py","lineno":1,"logger":"py.warnings"}
{"timestamp":"2026-02-03T10:41:55.791665Z","level":"warning","event":"The `airflow.decorators.task` attribute is deprecated. Please use `'airflow.sdk.task'`.","category":"DeprecatedImportWarning","filename":"/opt/airflow/dags/11_incremental_load.py","lineno":1,"logger":"py.warnings"}
{"timestamp":"2026-02-03T10:42:26.511729Z","level":"info","event":"Filling up the DagBag from /opt/airflow/dags/11_incremental_load.py","logger":"airflow.models.dagbag.DagBag","filename":"dagbag.py","lineno":593}
{"timestamp":"2026-02-03T10:42:26.548664Z","level":"warning","event":"The `airflow.decorators.dag` attribute is deprecated. Please use `'airflow.sdk.dag'`.","category":"DeprecatedImportWarning","filename":"/opt/airflow/dags/11_incremental_load.py","lineno":1,"logger":"py.warnings"}
{"timestamp":"2026-02-03T10:42:26.548807Z","level":"warning","event":"The `airflow.decorators.task` attribute is deprecated. Please use `'airflow.sdk.task'`.","category":"DeprecatedImportWarning","filename":"/opt/airflow/dags/11_incremental_load.py","lineno":1,"logger":"py.warnings"}
{"timestamp":"2026-02-03T10:42:57.313810Z","level":"info","event":"Filling up the DagBag from /opt/airflow/dags/11_incremental_load.py","logger":"airflow.models.dagbag.DagBag","filename":"dagbag.py","lineno":593}
{"timestamp":"2026-02-03T10:42:57.358040Z","level":"warning","event":"The `airflow.decorators.dag` attribute is deprecated. Please use `'airflow.sdk.dag'`.","category":"DeprecatedImportWarning","filename":"/opt/airflow/dags/11_incremental_load.py","lineno":1,"logger":"py.warnings"}
{"timestamp":"2026-02-03T10:42:57.358200Z","level":"warning","event":"The `airflow.decorators.task` attribute is deprecated. Please use `'airflow.sdk.task'`.","category":"DeprecatedImportWarning","filename":"/opt/airflow/dags/11_incremental_load.py","lineno":1,"logger":"py.warnings"}
{"timestamp":"2026-02-03T10:43:28.024931Z","level":"info","event":"Filling up the DagBag from /opt/airflow/dags/11_incremental_load.py","logger":"airflow.models.dagbag.DagBag","filename":"dagbag.py","lineno":593}
{"timestamp":"2026-02-03T10:43:28.096596Z","level":"warning","event":"The `airflow.decorators.dag` attribute is deprecated. Please use `'airflow.sdk.dag'`.","category":"DeprecatedImportWarning","filename":"/opt/airflow/dags/11_incremental_load.py","lineno":1,"logger":"py.warnings"}
{"timestamp":"2026-02-03T10:43:28.096794Z","level":"warning","event":"The `airflow.decorators.task` attribute is deprecated. Please use `'airflow.sdk.task'`.","category":"DeprecatedImportWarning","filename":"/opt/airflow/dags/11_incremental_load.py","lineno":1,"logger":"py.warnings"}
{"timestamp":"2026-02-03T10:43:58.642510Z","level":"info","event":"Filling up the DagBag from /opt/airflow/dags/11_incremental_load.py","logger":"airflow.models.dagbag.DagBag","filename":"dagbag.py","lineno":593}
{"timestamp":"2026-02-03T10:43:58.679842Z","level":"warning","event":"The `airflow.decorators.dag` attribute is deprecated. Please use `'airflow.sdk.dag'`.","category":"DeprecatedImportWarning","filename":"/opt/airflow/dags/11_incremental_load.py","lineno":1,"logger":"py.warnings"}
{"timestamp":"2026-02-03T10:43:58.680027Z","level":"warning","event":"The `airflow.decorators.task` attribute is deprecated. Please use `'airflow.sdk.task'`.","category":"DeprecatedImportWarning","filename":"/opt/airflow/dags/11_incremental_load.py","lineno":1,"logger":"py.warnings"}
{"timestamp":"2026-02-03T10:44:29.157280Z","level":"info","event":"Filling up the DagBag from /opt/airflow/dags/11_incremental_load.py","logger":"airflow.models.dagbag.DagBag","filename":"dagbag.py","lineno":593}
{"timestamp":"2026-02-03T10:44:29.195225Z","level":"warning","event":"The `airflow.decorators.dag` attribute is deprecated. Please use `'airflow.sdk.dag'`.","category":"DeprecatedImportWarning","filename":"/opt/airflow/dags/11_incremental_load.py","lineno":1,"logger":"py.warnings"}
{"timestamp":"2026-02-03T10:44:29.195397Z","level":"warning","event":"The `airflow.decorators.task` attribute is deprecated. Please use `'airflow.sdk.task'`.","category":"DeprecatedImportWarning","filename":"/opt/airflow/dags/11_incremental_load.py","lineno":1,"logger":"py.warnings"}
{"timestamp":"2026-02-03T10:44:59.777975Z","level":"info","event":"Filling up the DagBag from /opt/airflow/dags/11_incremental_load.py","logger":"airflow.models.dagbag.DagBag","filename":"dagbag.py","lineno":593}
{"timestamp":"2026-02-03T10:44:59.825783Z","level":"warning","event":"The `airflow.decorators.dag` attribute is deprecated. Please use `'airflow.sdk.dag'`.","category":"DeprecatedImportWarning","filename":"/opt/airflow/dags/11_incremental_load.py","lineno":1,"logger":"py.warnings"}
{"timestamp":"2026-02-03T10:44:59.825940Z","level":"warning","event":"The `airflow.decorators.task` attribute is deprecated. Please use `'airflow.sdk.task'`.","category":"DeprecatedImportWarning","filename":"/opt/airflow/dags/11_incremental_load.py","lineno":1,"logger":"py.warnings"}
{"timestamp":"2026-02-03T10:45:29.967803Z","level":"info","event":"Filling up the DagBag from /opt/airflow/dags/11_incremental_load.py","logger":"airflow.models.dagbag.DagBag","filename":"dagbag.py","lineno":593}
{"timestamp":"2026-02-03T10:45:30.014723Z","level":"warning","event":"The `airflow.decorators.dag` attribute is deprecated. Please use `'airflow.sdk.dag'`.","category":"DeprecatedImportWarning","filename":"/opt/airflow/dags/11_incremental_load.py","lineno":1,"logger":"py.warnings"}
{"timestamp":"2026-02-03T10:45:30.014896Z","level":"warning","event":"The `airflow.decorators.task` attribute is deprecated. Please use `'airflow.sdk.task'`.","category":"DeprecatedImportWarning","filename":"/opt/airflow/dags/11_incremental_load.py","lineno":1,"logger":"py.warnings"}
{"timestamp":"2026-02-03T10:46:00.764360Z","level":"info","event":"Filling up the DagBag from /opt/airflow/dags/11_incremental_load.py","logger":"airflow.models.dagbag.DagBag","filename":"dagbag.py","lineno":593}
{"timestamp":"2026-02-03T10:46:00.807691Z","level":"warning","event":"The `airflow.decorators.dag` attribute is deprecated. Please use `'airflow.sdk.dag'`.","category":"DeprecatedImportWarning","filename":"/opt/airflow/dags/11_incremental_load.py","lineno":1,"logger":"py.warnings"}
{"timestamp":"2026-02-03T10:46:00.807858Z","level":"warning","event":"The `airflow.decorators.task` attribute is deprecated. Please use `'airflow.sdk.task'`.","category":"DeprecatedImportWarning","filename":"/opt/airflow/dags/11_incremental_load.py","lineno":1,"logger":"py.warnings"}
{"timestamp":"2026-02-03T10:46:31.019205Z","level":"info","event":"Filling up the DagBag from /opt/airflow/dags/11_incremental_load.py","logger":"airflow.models.dagbag.DagBag","filename":"dagbag.py","lineno":593}
{"timestamp":"2026-02-03T10:46:31.048861Z","level":"warning","event":"The `airflow.decorators.dag` attribute is deprecated. Please use `'airflow.sdk.dag'`.","category":"DeprecatedImportWarning","filename":"/opt/airflow/dags/11_incremental_load.py","lineno":1,"logger":"py.warnings"}
{"timestamp":"2026-02-03T10:46:31.049044Z","level":"warning","event":"The `airflow.decorators.task` attribute is deprecated. Please use `'airflow.sdk.task'`.","category":"DeprecatedImportWarning","filename":"/opt/airflow/dags/11_incremental_load.py","lineno":1,"logger":"py.warnings"}
{"timestamp":"2026-02-03T10:47:01.669119Z","level":"info","event":"Filling up the DagBag from /opt/airflow/dags/11_incremental_load.py","logger":"airflow.models.dagbag.DagBag","filename":"dagbag.py","lineno":593}
{"timestamp":"2026-02-03T10:47:01.708528Z","level":"warning","event":"The `airflow.decorators.dag` attribute is deprecated. Please use `'airflow.sdk.dag'`.","category":"DeprecatedImportWarning","filename":"/opt/airflow/dags/11_incremental_load.py","lineno":1,"logger":"py.warnings"}
{"timestamp":"2026-02-03T10:47:01.708686Z","level":"warning","event":"The `airflow.decorators.task` attribute is deprecated. Please use `'airflow.sdk.task'`.","category":"DeprecatedImportWarning","filename":"/opt/airflow/dags/11_incremental_load.py","lineno":1,"logger":"py.warnings"}
{"timestamp":"2026-02-03T10:47:32.092897Z","level":"info","event":"Filling up the DagBag from /opt/airflow/dags/11_incremental_load.py","logger":"airflow.models.dagbag.DagBag","filename":"dagbag.py","lineno":593}
{"timestamp":"2026-02-03T10:47:32.122635Z","level":"warning","event":"The `airflow.decorators.dag` attribute is deprecated. Please use `'airflow.sdk.dag'`.","category":"DeprecatedImportWarning","filename":"/opt/airflow/dags/11_incremental_load.py","lineno":1,"logger":"py.warnings"}
{"timestamp":"2026-02-03T10:47:32.122849Z","level":"warning","event":"The `airflow.decorators.task` attribute is deprecated. Please use `'airflow.sdk.task'`.","category":"DeprecatedImportWarning","filename":"/opt/airflow/dags/11_incremental_load.py","lineno":1,"logger":"py.warnings"}
{"timestamp":"2026-02-03T10:48:02.852423Z","level":"info","event":"Filling up the DagBag from /opt/airflow/dags/11_incremental_load.py","logger":"airflow.models.dagbag.DagBag","filename":"dagbag.py","lineno":593}
{"timestamp":"2026-02-03T10:48:02.880875Z","level":"warning","event":"The `airflow.decorators.dag` attribute is deprecated. Please use `'airflow.sdk.dag'`.","category":"DeprecatedImportWarning","filename":"/opt/airflow/dags/11_incremental_load.py","lineno":1,"logger":"py.warnings"}
{"timestamp":"2026-02-03T10:48:02.881040Z","level":"warning","event":"The `airflow.decorators.task` attribute is deprecated. Please use `'airflow.sdk.task'`.","category":"DeprecatedImportWarning","filename":"/opt/airflow/dags/11_incremental_load.py","lineno":1,"logger":"py.warnings"}
{"timestamp":"2026-02-03T10:48:34.111964Z","level":"info","event":"Filling up the DagBag from /opt/airflow/dags/11_incremental_load.py","logger":"airflow.models.dagbag.DagBag","filename":"dagbag.py","lineno":593}
{"timestamp":"2026-02-03T10:48:34.149814Z","level":"warning","event":"The `airflow.decorators.dag` attribute is deprecated. Please use `'airflow.sdk.dag'`.","category":"DeprecatedImportWarning","filename":"/opt/airflow/dags/11_incremental_load.py","lineno":1,"logger":"py.warnings"}
{"timestamp":"2026-02-03T10:48:34.149975Z","level":"warning","event":"The `airflow.decorators.task` attribute is deprecated. Please use `'airflow.sdk.task'`.","category":"DeprecatedImportWarning","filename":"/opt/airflow/dags/11_incremental_load.py","lineno":1,"logger":"py.warnings"}
{"timestamp":"2026-02-03T10:49:05.102542Z","level":"info","event":"Filling up the DagBag from /opt/airflow/dags/11_incremental_load.py","logger":"airflow.models.dagbag.DagBag","filename":"dagbag.py","lineno":593}
{"timestamp":"2026-02-03T10:49:05.132520Z","level":"warning","event":"The `airflow.decorators.dag` attribute is deprecated. Please use `'airflow.sdk.dag'`.","category":"DeprecatedImportWarning","filename":"/opt/airflow/dags/11_incremental_load.py","lineno":1,"logger":"py.warnings"}
{"timestamp":"2026-02-03T10:49:05.132688Z","level":"warning","event":"The `airflow.decorators.task` attribute is deprecated. Please use `'airflow.sdk.task'`.","category":"DeprecatedImportWarning","filename":"/opt/airflow/dags/11_incremental_load.py","lineno":1,"logger":"py.warnings"}
{"timestamp":"2026-02-03T10:49:36.380816Z","level":"info","event":"Filling up the DagBag from /opt/airflow/dags/11_incremental_load.py","logger":"airflow.models.dagbag.DagBag","filename":"dagbag.py","lineno":593}
{"timestamp":"2026-02-03T10:49:36.433806Z","level":"warning","event":"The `airflow.decorators.dag` attribute is deprecated. Please use `'airflow.sdk.dag'`.","category":"DeprecatedImportWarning","filename":"/opt/airflow/dags/11_incremental_load.py","lineno":1,"logger":"py.warnings"}
{"timestamp":"2026-02-03T10:49:36.434013Z","level":"warning","event":"The `airflow.decorators.task` attribute is deprecated. Please use `'airflow.sdk.task'`.","category":"DeprecatedImportWarning","filename":"/opt/airflow/dags/11_incremental_load.py","lineno":1,"logger":"py.warnings"}
{"timestamp":"2026-02-03T10:50:06.705515Z","level":"info","event":"Filling up the DagBag from /opt/airflow/dags/11_incremental_load.py","logger":"airflow.models.dagbag.DagBag","filename":"dagbag.py","lineno":593}
{"timestamp":"2026-02-03T10:50:06.793208Z","level":"warning","event":"The `airflow.decorators.dag` attribute is deprecated. Please use `'airflow.sdk.dag'`.","category":"DeprecatedImportWarning","filename":"/opt/airflow/dags/11_incremental_load.py","lineno":1,"logger":"py.warnings"}
{"timestamp":"2026-02-03T10:50:06.793394Z","level":"warning","event":"The `airflow.decorators.task` attribute is deprecated. Please use `'airflow.sdk.task'`.","category":"DeprecatedImportWarning","filename":"/opt/airflow/dags/11_incremental_load.py","lineno":1,"logger":"py.warnings"}
{"timestamp":"2026-02-03T10:50:37.808192Z","level":"info","event":"Filling up the DagBag from /opt/airflow/dags/11_incremental_load.py","logger":"airflow.models.dagbag.DagBag","filename":"dagbag.py","lineno":593}
{"timestamp":"2026-02-03T10:50:37.838723Z","level":"warning","event":"The `airflow.decorators.dag` attribute is deprecated. Please use `'airflow.sdk.dag'`.","category":"DeprecatedImportWarning","filename":"/opt/airflow/dags/11_incremental_load.py","lineno":1,"logger":"py.warnings"}
{"timestamp":"2026-02-03T10:50:37.838881Z","level":"warning","event":"The `airflow.decorators.task` attribute is deprecated. Please use `'airflow.sdk.task'`.","category":"DeprecatedImportWarning","filename":"/opt/airflow/dags/11_incremental_load.py","lineno":1,"logger":"py.warnings"}
{"timestamp":"2026-02-03T10:51:07.939889Z","level":"info","event":"Filling up the DagBag from /opt/airflow/dags/11_incremental_load.py","logger":"airflow.models.dagbag.DagBag","filename":"dagbag.py","lineno":593}
{"timestamp":"2026-02-03T10:51:08.014071Z","level":"warning","event":"The `airflow.decorators.dag` attribute is deprecated. Please use `'airflow.sdk.dag'`.","category":"DeprecatedImportWarning","filename":"/opt/airflow/dags/11_incremental_load.py","lineno":1,"logger":"py.warnings"}
{"timestamp":"2026-02-03T10:51:08.014441Z","level":"warning","event":"The `airflow.decorators.task` attribute is deprecated. Please use `'airflow.sdk.task'`.","category":"DeprecatedImportWarning","filename":"/opt/airflow/dags/11_incremental_load.py","lineno":1,"logger":"py.warnings"}
{"timestamp":"2026-02-03T10:51:38.374595Z","level":"info","event":"Filling up the DagBag from /opt/airflow/dags/11_incremental_load.py","logger":"airflow.models.dagbag.DagBag","filename":"dagbag.py","lineno":593}
{"timestamp":"2026-02-03T10:51:38.422137Z","level":"warning","event":"The `airflow.decorators.dag` attribute is deprecated. Please use `'airflow.sdk.dag'`.","category":"DeprecatedImportWarning","filename":"/opt/airflow/dags/11_incremental_load.py","lineno":1,"logger":"py.warnings"}
{"timestamp":"2026-02-03T10:51:38.422323Z","level":"warning","event":"The `airflow.decorators.task` attribute is deprecated. Please use `'airflow.sdk.task'`.","category":"DeprecatedImportWarning","filename":"/opt/airflow/dags/11_incremental_load.py","lineno":1,"logger":"py.warnings"}
{"timestamp":"2026-02-03T10:52:08.614128Z","level":"info","event":"Filling up the DagBag from /opt/airflow/dags/11_incremental_load.py","logger":"airflow.models.dagbag.DagBag","filename":"dagbag.py","lineno":593}
{"timestamp":"2026-02-03T10:52:08.650447Z","level":"warning","event":"The `airflow.decorators.dag` attribute is deprecated. Please use `'airflow.sdk.dag'`.","category":"DeprecatedImportWarning","filename":"/opt/airflow/dags/11_incremental_load.py","lineno":1,"logger":"py.warnings"}
{"timestamp":"2026-02-03T10:52:08.650569Z","level":"warning","event":"The `airflow.decorators.task` attribute is deprecated. Please use `'airflow.sdk.task'`.","category":"DeprecatedImportWarning","filename":"/opt/airflow/dags/11_incremental_load.py","lineno":1,"logger":"py.warnings"}
{"timestamp":"2026-02-03T10:52:38.781006Z","level":"info","event":"Filling up the DagBag from /opt/airflow/dags/11_incremental_load.py","logger":"airflow.models.dagbag.DagBag","filename":"dagbag.py","lineno":593}
{"timestamp":"2026-02-03T10:52:38.807763Z","level":"warning","event":"The `airflow.decorators.dag` attribute is deprecated. Please use `'airflow.sdk.dag'`.","category":"DeprecatedImportWarning","filename":"/opt/airflow/dags/11_incremental_load.py","lineno":1,"logger":"py.warnings"}
{"timestamp":"2026-02-03T10:52:38.807879Z","level":"warning","event":"The `airflow.decorators.task` attribute is deprecated. Please use `'airflow.sdk.task'`.","category":"DeprecatedImportWarning","filename":"/opt/airflow/dags/11_incremental_load.py","lineno":1,"logger":"py.warnings"}
{"timestamp":"2026-02-03T10:53:09.611947Z","level":"info","event":"Filling up the DagBag from /opt/airflow/dags/11_incremental_load.py","logger":"airflow.models.dagbag.DagBag","filename":"dagbag.py","lineno":593}
{"timestamp":"2026-02-03T10:53:09.661921Z","level":"warning","event":"The `airflow.decorators.dag` attribute is deprecated. Please use `'airflow.sdk.dag'`.","category":"DeprecatedImportWarning","filename":"/opt/airflow/dags/11_incremental_load.py","lineno":1,"logger":"py.warnings"}
{"timestamp":"2026-02-03T10:53:09.662036Z","level":"warning","event":"The `airflow.decorators.task` attribute is deprecated. Please use `'airflow.sdk.task'`.","category":"DeprecatedImportWarning","filename":"/opt/airflow/dags/11_incremental_load.py","lineno":1,"logger":"py.warnings"}
{"timestamp":"2026-02-03T10:53:40.792649Z","level":"info","event":"Filling up the DagBag from /opt/airflow/dags/11_incremental_load.py","logger":"airflow.models.dagbag.DagBag","filename":"dagbag.py","lineno":593}
{"timestamp":"2026-02-03T10:53:40.856004Z","level":"warning","event":"The `airflow.decorators.dag` attribute is deprecated. Please use `'airflow.sdk.dag'`.","category":"DeprecatedImportWarning","filename":"/opt/airflow/dags/11_incremental_load.py","lineno":1,"logger":"py.warnings"}
{"timestamp":"2026-02-03T10:53:40.856114Z","level":"warning","event":"The `airflow.decorators.task` attribute is deprecated. Please use `'airflow.sdk.task'`.","category":"DeprecatedImportWarning","filename":"/opt/airflow/dags/11_incremental_load.py","lineno":1,"logger":"py.warnings"}
{"timestamp":"2026-02-03T10:54:11.708240Z","level":"info","event":"Filling up the DagBag from /opt/airflow/dags/11_incremental_load.py","logger":"airflow.models.dagbag.DagBag","filename":"dagbag.py","lineno":593}
{"timestamp":"2026-02-03T10:54:11.740221Z","level":"warning","event":"The `airflow.decorators.dag` attribute is deprecated. Please use `'airflow.sdk.dag'`.","category":"DeprecatedImportWarning","filename":"/opt/airflow/dags/11_incremental_load.py","lineno":1,"logger":"py.warnings"}
{"timestamp":"2026-02-03T10:54:11.740375Z","level":"warning","event":"The `airflow.decorators.task` attribute is deprecated. Please use `'airflow.sdk.task'`.","category":"DeprecatedImportWarning","filename":"/opt/airflow/dags/11_incremental_load.py","lineno":1,"logger":"py.warnings"}
{"timestamp":"2026-02-03T10:54:42.823101Z","level":"info","event":"Filling up the DagBag from /opt/airflow/dags/11_incremental_load.py","logger":"airflow.models.dagbag.DagBag","filename":"dagbag.py","lineno":593}
{"timestamp":"2026-02-03T10:54:42.864767Z","level":"warning","event":"The `airflow.decorators.dag` attribute is deprecated. Please use `'airflow.sdk.dag'`.","category":"DeprecatedImportWarning","filename":"/opt/airflow/dags/11_incremental_load.py","lineno":1,"logger":"py.warnings"}
{"timestamp":"2026-02-03T10:54:42.864936Z","level":"warning","event":"The `airflow.decorators.task` attribute is deprecated. Please use `'airflow.sdk.task'`.","category":"DeprecatedImportWarning","filename":"/opt/airflow/dags/11_incremental_load.py","lineno":1,"logger":"py.warnings"}
{"timestamp":"2026-02-03T10:55:13.174975Z","level":"info","event":"Filling up the DagBag from /opt/airflow/dags/11_incremental_load.py","logger":"airflow.models.dagbag.DagBag","filename":"dagbag.py","lineno":593}
{"timestamp":"2026-02-03T10:55:13.217745Z","level":"warning","event":"The `airflow.decorators.dag` attribute is deprecated. Please use `'airflow.sdk.dag'`.","category":"DeprecatedImportWarning","filename":"/opt/airflow/dags/11_incremental_load.py","lineno":1,"logger":"py.warnings"}
{"timestamp":"2026-02-03T10:55:13.217928Z","level":"warning","event":"The `airflow.decorators.task` attribute is deprecated. Please use `'airflow.sdk.task'`.","category":"DeprecatedImportWarning","filename":"/opt/airflow/dags/11_incremental_load.py","lineno":1,"logger":"py.warnings"}
{"timestamp":"2026-02-03T10:55:43.918820Z","level":"info","event":"Filling up the DagBag from /opt/airflow/dags/11_incremental_load.py","logger":"airflow.models.dagbag.DagBag","filename":"dagbag.py","lineno":593}
{"timestamp":"2026-02-03T10:55:43.959478Z","level":"warning","event":"The `airflow.decorators.dag` attribute is deprecated. Please use `'airflow.sdk.dag'`.","category":"DeprecatedImportWarning","filename":"/opt/airflow/dags/11_incremental_load.py","lineno":1,"logger":"py.warnings"}
{"timestamp":"2026-02-03T10:55:43.959684Z","level":"warning","event":"The `airflow.decorators.task` attribute is deprecated. Please use `'airflow.sdk.task'`.","category":"DeprecatedImportWarning","filename":"/opt/airflow/dags/11_incremental_load.py","lineno":1,"logger":"py.warnings"}
{"timestamp":"2026-02-03T10:56:14.332391Z","level":"info","event":"Filling up the DagBag from /opt/airflow/dags/11_incremental_load.py","logger":"airflow.models.dagbag.DagBag","filename":"dagbag.py","lineno":593}
{"timestamp":"2026-02-03T10:56:14.374976Z","level":"warning","event":"The `airflow.decorators.dag` attribute is deprecated. Please use `'airflow.sdk.dag'`.","category":"DeprecatedImportWarning","filename":"/opt/airflow/dags/11_incremental_load.py","lineno":1,"logger":"py.warnings"}
{"timestamp":"2026-02-03T10:56:14.375163Z","level":"warning","event":"The `airflow.decorators.task` attribute is deprecated. Please use `'airflow.sdk.task'`.","category":"DeprecatedImportWarning","filename":"/opt/airflow/dags/11_incremental_load.py","lineno":1,"logger":"py.warnings"}
{"timestamp":"2026-02-03T10:56:44.826866Z","level":"info","event":"Filling up the DagBag from /opt/airflow/dags/11_incremental_load.py","logger":"airflow.models.dagbag.DagBag","filename":"dagbag.py","lineno":593}
{"timestamp":"2026-02-03T10:56:44.900367Z","level":"warning","event":"The `airflow.decorators.dag` attribute is deprecated. Please use `'airflow.sdk.dag'`.","category":"DeprecatedImportWarning","filename":"/opt/airflow/dags/11_incremental_load.py","lineno":1,"logger":"py.warnings"}
{"timestamp":"2026-02-03T10:56:44.900539Z","level":"warning","event":"The `airflow.decorators.task` attribute is deprecated. Please use `'airflow.sdk.task'`.","category":"DeprecatedImportWarning","filename":"/opt/airflow/dags/11_incremental_load.py","lineno":1,"logger":"py.warnings"}
{"timestamp":"2026-02-03T10:57:15.659490Z","level":"info","event":"Filling up the DagBag from /opt/airflow/dags/11_incremental_load.py","logger":"airflow.models.dagbag.DagBag","filename":"dagbag.py","lineno":593}
{"timestamp":"2026-02-03T10:57:15.707060Z","level":"warning","event":"The `airflow.decorators.dag` attribute is deprecated. Please use `'airflow.sdk.dag'`.","category":"DeprecatedImportWarning","filename":"/opt/airflow/dags/11_incremental_load.py","lineno":1,"logger":"py.warnings"}
{"timestamp":"2026-02-03T10:57:15.707238Z","level":"warning","event":"The `airflow.decorators.task` attribute is deprecated. Please use `'airflow.sdk.task'`.","category":"DeprecatedImportWarning","filename":"/opt/airflow/dags/11_incremental_load.py","lineno":1,"logger":"py.warnings"}
{"timestamp":"2026-02-03T10:57:46.289179Z","level":"info","event":"Filling up the DagBag from /opt/airflow/dags/11_incremental_load.py","logger":"airflow.models.dagbag.DagBag","filename":"dagbag.py","lineno":593}
{"timestamp":"2026-02-03T10:57:46.327067Z","level":"warning","event":"The `airflow.decorators.dag` attribute is deprecated. Please use `'airflow.sdk.dag'`.","category":"DeprecatedImportWarning","filename":"/opt/airflow/dags/11_incremental_load.py","lineno":1,"logger":"py.warnings"}
{"timestamp":"2026-02-03T10:57:46.327234Z","level":"warning","event":"The `airflow.decorators.task` attribute is deprecated. Please use `'airflow.sdk.task'`.","category":"DeprecatedImportWarning","filename":"/opt/airflow/dags/11_incremental_load.py","lineno":1,"logger":"py.warnings"}
{"timestamp":"2026-02-03T10:58:17.208424Z","level":"info","event":"Filling up the DagBag from /opt/airflow/dags/11_incremental_load.py","logger":"airflow.models.dagbag.DagBag","filename":"dagbag.py","lineno":593}
{"timestamp":"2026-02-03T10:58:17.246583Z","level":"warning","event":"The `airflow.decorators.dag` attribute is deprecated. Please use `'airflow.sdk.dag'`.","category":"DeprecatedImportWarning","filename":"/opt/airflow/dags/11_incremental_load.py","lineno":1,"logger":"py.warnings"}
{"timestamp":"2026-02-03T10:58:17.246747Z","level":"warning","event":"The `airflow.decorators.task` attribute is deprecated. Please use `'airflow.sdk.task'`.","category":"DeprecatedImportWarning","filename":"/opt/airflow/dags/11_incremental_load.py","lineno":1,"logger":"py.warnings"}
{"timestamp":"2026-02-03T10:58:47.878511Z","level":"info","event":"Filling up the DagBag from /opt/airflow/dags/11_incremental_load.py","logger":"airflow.models.dagbag.DagBag","filename":"dagbag.py","lineno":593}
{"timestamp":"2026-02-03T10:58:47.931059Z","level":"warning","event":"The `airflow.decorators.dag` attribute is deprecated. Please use `'airflow.sdk.dag'`.","category":"DeprecatedImportWarning","filename":"/opt/airflow/dags/11_incremental_load.py","lineno":1,"logger":"py.warnings"}
{"timestamp":"2026-02-03T10:58:47.931256Z","level":"warning","event":"The `airflow.decorators.task` attribute is deprecated. Please use `'airflow.sdk.task'`.","category":"DeprecatedImportWarning","filename":"/opt/airflow/dags/11_incremental_load.py","lineno":1,"logger":"py.warnings"}
{"timestamp":"2026-02-03T10:59:18.545547Z","level":"info","event":"Filling up the DagBag from /opt/airflow/dags/11_incremental_load.py","logger":"airflow.models.dagbag.DagBag","filename":"dagbag.py","lineno":593}
{"timestamp":"2026-02-03T10:59:18.583283Z","level":"warning","event":"The `airflow.decorators.dag` attribute is deprecated. Please use `'airflow.sdk.dag'`.","category":"DeprecatedImportWarning","filename":"/opt/airflow/dags/11_incremental_load.py","lineno":1,"logger":"py.warnings"}
{"timestamp":"2026-02-03T10:59:18.583460Z","level":"warning","event":"The `airflow.decorators.task` attribute is deprecated. Please use `'airflow.sdk.task'`.","category":"DeprecatedImportWarning","filename":"/opt/airflow/dags/11_incremental_load.py","lineno":1,"logger":"py.warnings"}
{"timestamp":"2026-02-03T10:59:49.135327Z","level":"info","event":"Filling up the DagBag from /opt/airflow/dags/11_incremental_load.py","logger":"airflow.models.dagbag.DagBag","filename":"dagbag.py","lineno":593}
{"timestamp":"2026-02-03T10:59:49.171091Z","level":"warning","event":"The `airflow.decorators.dag` attribute is deprecated. Please use `'airflow.sdk.dag'`.","category":"DeprecatedImportWarning","filename":"/opt/airflow/dags/11_incremental_load.py","lineno":1,"logger":"py.warnings"}
{"timestamp":"2026-02-03T10:59:49.171262Z","level":"warning","event":"The `airflow.decorators.task` attribute is deprecated. Please use `'airflow.sdk.task'`.","category":"DeprecatedImportWarning","filename":"/opt/airflow/dags/11_incremental_load.py","lineno":1,"logger":"py.warnings"}
{"timestamp":"2026-02-03T11:00:20.207137Z","level":"info","event":"Filling up the DagBag from /opt/airflow/dags/11_incremental_load.py","logger":"airflow.models.dagbag.DagBag","filename":"dagbag.py","lineno":593}
{"timestamp":"2026-02-03T11:00:20.267227Z","level":"warning","event":"The `airflow.decorators.dag` attribute is deprecated. Please use `'airflow.sdk.dag'`.","category":"DeprecatedImportWarning","filename":"/opt/airflow/dags/11_incremental_load.py","lineno":1,"logger":"py.warnings"}
{"timestamp":"2026-02-03T11:00:20.267385Z","level":"warning","event":"The `airflow.decorators.task` attribute is deprecated. Please use `'airflow.sdk.task'`.","category":"DeprecatedImportWarning","filename":"/opt/airflow/dags/11_incremental_load.py","lineno":1,"logger":"py.warnings"}
{"timestamp":"2026-02-03T11:00:51.192326Z","level":"info","event":"Filling up the DagBag from /opt/airflow/dags/11_incremental_load.py","logger":"airflow.models.dagbag.DagBag","filename":"dagbag.py","lineno":593}
{"timestamp":"2026-02-03T11:00:51.234839Z","level":"warning","event":"The `airflow.decorators.dag` attribute is deprecated. Please use `'airflow.sdk.dag'`.","category":"DeprecatedImportWarning","filename":"/opt/airflow/dags/11_incremental_load.py","lineno":1,"logger":"py.warnings"}
{"timestamp":"2026-02-03T11:00:51.235002Z","level":"warning","event":"The `airflow.decorators.task` attribute is deprecated. Please use `'airflow.sdk.task'`.","category":"DeprecatedImportWarning","filename":"/opt/airflow/dags/11_incremental_load.py","lineno":1,"logger":"py.warnings"}
{"timestamp":"2026-02-03T11:01:21.740367Z","level":"info","event":"Filling up the DagBag from /opt/airflow/dags/11_incremental_load.py","logger":"airflow.models.dagbag.DagBag","filename":"dagbag.py","lineno":593}
{"timestamp":"2026-02-03T11:01:21.768093Z","level":"warning","event":"The `airflow.decorators.dag` attribute is deprecated. Please use `'airflow.sdk.dag'`.","category":"DeprecatedImportWarning","filename":"/opt/airflow/dags/11_incremental_load.py","lineno":1,"logger":"py.warnings"}
{"timestamp":"2026-02-03T11:01:21.768247Z","level":"warning","event":"The `airflow.decorators.task` attribute is deprecated. Please use `'airflow.sdk.task'`.","category":"DeprecatedImportWarning","filename":"/opt/airflow/dags/11_incremental_load.py","lineno":1,"logger":"py.warnings"}
{"timestamp":"2026-02-03T11:01:52.020272Z","level":"info","event":"Filling up the DagBag from /opt/airflow/dags/11_incremental_load.py","logger":"airflow.models.dagbag.DagBag","filename":"dagbag.py","lineno":593}
{"timestamp":"2026-02-03T11:01:52.047748Z","level":"warning","event":"The `airflow.decorators.dag` attribute is deprecated. Please use `'airflow.sdk.dag'`.","category":"DeprecatedImportWarning","filename":"/opt/airflow/dags/11_incremental_load.py","lineno":1,"logger":"py.warnings"}
{"timestamp":"2026-02-03T11:01:52.047913Z","level":"warning","event":"The `airflow.decorators.task` attribute is deprecated. Please use `'airflow.sdk.task'`.","category":"DeprecatedImportWarning","filename":"/opt/airflow/dags/11_incremental_load.py","lineno":1,"logger":"py.warnings"}
{"timestamp":"2026-02-03T11:02:22.952357Z","level":"info","event":"Filling up the DagBag from /opt/airflow/dags/11_incremental_load.py","logger":"airflow.models.dagbag.DagBag","filename":"dagbag.py","lineno":593}
{"timestamp":"2026-02-03T11:02:22.979121Z","level":"warning","event":"The `airflow.decorators.dag` attribute is deprecated. Please use `'airflow.sdk.dag'`.","category":"DeprecatedImportWarning","filename":"/opt/airflow/dags/11_incremental_load.py","lineno":1,"logger":"py.warnings"}
{"timestamp":"2026-02-03T11:02:22.979284Z","level":"warning","event":"The `airflow.decorators.task` attribute is deprecated. Please use `'airflow.sdk.task'`.","category":"DeprecatedImportWarning","filename":"/opt/airflow/dags/11_incremental_load.py","lineno":1,"logger":"py.warnings"}
{"timestamp":"2026-02-03T11:02:54.135280Z","level":"info","event":"Filling up the DagBag from /opt/airflow/dags/11_incremental_load.py","logger":"airflow.models.dagbag.DagBag","filename":"dagbag.py","lineno":593}
{"timestamp":"2026-02-03T11:02:54.175792Z","level":"warning","event":"The `airflow.decorators.dag` attribute is deprecated. Please use `'airflow.sdk.dag'`.","category":"DeprecatedImportWarning","filename":"/opt/airflow/dags/11_incremental_load.py","lineno":1,"logger":"py.warnings"}
{"timestamp":"2026-02-03T11:02:54.175956Z","level":"warning","event":"The `airflow.decorators.task` attribute is deprecated. Please use `'airflow.sdk.task'`.","category":"DeprecatedImportWarning","filename":"/opt/airflow/dags/11_incremental_load.py","lineno":1,"logger":"py.warnings"}
{"timestamp":"2026-02-03T11:03:24.925442Z","level":"info","event":"Filling up the DagBag from /opt/airflow/dags/11_incremental_load.py","logger":"airflow.models.dagbag.DagBag","filename":"dagbag.py","lineno":593}
{"timestamp":"2026-02-03T11:03:24.974648Z","level":"warning","event":"The `airflow.decorators.dag` attribute is deprecated. Please use `'airflow.sdk.dag'`.","category":"DeprecatedImportWarning","filename":"/opt/airflow/dags/11_incremental_load.py","lineno":1,"logger":"py.warnings"}
{"timestamp":"2026-02-03T11:03:24.974813Z","level":"warning","event":"The `airflow.decorators.task` attribute is deprecated. Please use `'airflow.sdk.task'`.","category":"DeprecatedImportWarning","filename":"/opt/airflow/dags/11_incremental_load.py","lineno":1,"logger":"py.warnings"}
{"timestamp":"2026-02-03T11:03:55.691682Z","level":"info","event":"Filling up the DagBag from /opt/airflow/dags/11_incremental_load.py","logger":"airflow.models.dagbag.DagBag","filename":"dagbag.py","lineno":593}
{"timestamp":"2026-02-03T11:03:55.736718Z","level":"warning","event":"The `airflow.decorators.dag` attribute is deprecated. Please use `'airflow.sdk.dag'`.","category":"DeprecatedImportWarning","filename":"/opt/airflow/dags/11_incremental_load.py","lineno":1,"logger":"py.warnings"}
{"timestamp":"2026-02-03T11:03:55.736882Z","level":"warning","event":"The `airflow.decorators.task` attribute is deprecated. Please use `'airflow.sdk.task'`.","category":"DeprecatedImportWarning","filename":"/opt/airflow/dags/11_incremental_load.py","lineno":1,"logger":"py.warnings"}
{"timestamp":"2026-02-03T11:04:26.046798Z","level":"info","event":"Filling up the DagBag from /opt/airflow/dags/11_incremental_load.py","logger":"airflow.models.dagbag.DagBag","filename":"dagbag.py","lineno":593}
{"timestamp":"2026-02-03T11:04:26.163269Z","level":"warning","event":"The `airflow.decorators.dag` attribute is deprecated. Please use `'airflow.sdk.dag'`.","category":"DeprecatedImportWarning","filename":"/opt/airflow/dags/11_incremental_load.py","lineno":1,"logger":"py.warnings"}
{"timestamp":"2026-02-03T11:04:26.163507Z","level":"warning","event":"The `airflow.decorators.task` attribute is deprecated. Please use `'airflow.sdk.task'`.","category":"DeprecatedImportWarning","filename":"/opt/airflow/dags/11_incremental_load.py","lineno":1,"logger":"py.warnings"}
{"timestamp":"2026-02-03T11:04:56.864250Z","level":"info","event":"Filling up the DagBag from /opt/airflow/dags/11_incremental_load.py","logger":"airflow.models.dagbag.DagBag","filename":"dagbag.py","lineno":593}
{"timestamp":"2026-02-03T11:04:56.913507Z","level":"warning","event":"The `airflow.decorators.dag` attribute is deprecated. Please use `'airflow.sdk.dag'`.","category":"DeprecatedImportWarning","filename":"/opt/airflow/dags/11_incremental_load.py","lineno":1,"logger":"py.warnings"}
{"timestamp":"2026-02-03T11:04:56.913659Z","level":"warning","event":"The `airflow.decorators.task` attribute is deprecated. Please use `'airflow.sdk.task'`.","category":"DeprecatedImportWarning","filename":"/opt/airflow/dags/11_incremental_load.py","lineno":1,"logger":"py.warnings"}
{"timestamp":"2026-02-03T11:05:27.359181Z","level":"info","event":"Filling up the DagBag from /opt/airflow/dags/11_incremental_load.py","logger":"airflow.models.dagbag.DagBag","filename":"dagbag.py","lineno":593}
{"timestamp":"2026-02-03T11:05:27.390610Z","level":"warning","event":"The `airflow.decorators.dag` attribute is deprecated. Please use `'airflow.sdk.dag'`.","category":"DeprecatedImportWarning","filename":"/opt/airflow/dags/11_incremental_load.py","lineno":1,"logger":"py.warnings"}
{"timestamp":"2026-02-03T11:05:27.390862Z","level":"warning","event":"The `airflow.decorators.task` attribute is deprecated. Please use `'airflow.sdk.task'`.","category":"DeprecatedImportWarning","filename":"/opt/airflow/dags/11_incremental_load.py","lineno":1,"logger":"py.warnings"}
{"timestamp":"2026-02-03T11:05:57.652225Z","level":"info","event":"Filling up the DagBag from /opt/airflow/dags/11_incremental_load.py","logger":"airflow.models.dagbag.DagBag","filename":"dagbag.py","lineno":593}
{"timestamp":"2026-02-03T11:05:57.681827Z","level":"warning","event":"The `airflow.decorators.dag` attribute is deprecated. Please use `'airflow.sdk.dag'`.","category":"DeprecatedImportWarning","filename":"/opt/airflow/dags/11_incremental_load.py","lineno":1,"logger":"py.warnings"}
{"timestamp":"2026-02-03T11:05:57.682006Z","level":"warning","event":"The `airflow.decorators.task` attribute is deprecated. Please use `'airflow.sdk.task'`.","category":"DeprecatedImportWarning","filename":"/opt/airflow/dags/11_incremental_load.py","lineno":1,"logger":"py.warnings"}
{"timestamp":"2026-02-03T11:06:28.666519Z","level":"info","event":"Filling up the DagBag from /opt/airflow/dags/11_incremental_load.py","logger":"airflow.models.dagbag.DagBag","filename":"dagbag.py","lineno":593}
{"timestamp":"2026-02-03T11:06:28.726190Z","level":"warning","event":"The `airflow.decorators.dag` attribute is deprecated. Please use `'airflow.sdk.dag'`.","category":"DeprecatedImportWarning","filename":"/opt/airflow/dags/11_incremental_load.py","lineno":1,"logger":"py.warnings"}
{"timestamp":"2026-02-03T11:06:28.726361Z","level":"warning","event":"The `airflow.decorators.task` attribute is deprecated. Please use `'airflow.sdk.task'`.","category":"DeprecatedImportWarning","filename":"/opt/airflow/dags/11_incremental_load.py","lineno":1,"logger":"py.warnings"}
{"timestamp":"2026-02-03T11:06:59.255209Z","level":"info","event":"Filling up the DagBag from /opt/airflow/dags/11_incremental_load.py","logger":"airflow.models.dagbag.DagBag","filename":"dagbag.py","lineno":593}
{"timestamp":"2026-02-03T11:06:59.292250Z","level":"warning","event":"The `airflow.decorators.dag` attribute is deprecated. Please use `'airflow.sdk.dag'`.","category":"DeprecatedImportWarning","filename":"/opt/airflow/dags/11_incremental_load.py","lineno":1,"logger":"py.warnings"}
{"timestamp":"2026-02-03T11:06:59.292605Z","level":"warning","event":"The `airflow.decorators.task` attribute is deprecated. Please use `'airflow.sdk.task'`.","category":"DeprecatedImportWarning","filename":"/opt/airflow/dags/11_incremental_load.py","lineno":1,"logger":"py.warnings"}
{"timestamp":"2026-02-03T11:07:30.355586Z","level":"info","event":"Filling up the DagBag from /opt/airflow/dags/11_incremental_load.py","logger":"airflow.models.dagbag.DagBag","filename":"dagbag.py","lineno":593}
{"timestamp":"2026-02-03T11:07:30.426533Z","level":"warning","event":"The `airflow.decorators.dag` attribute is deprecated. Please use `'airflow.sdk.dag'`.","category":"DeprecatedImportWarning","filename":"/opt/airflow/dags/11_incremental_load.py","lineno":1,"logger":"py.warnings"}
{"timestamp":"2026-02-03T11:07:30.426795Z","level":"warning","event":"The `airflow.decorators.task` attribute is deprecated. Please use `'airflow.sdk.task'`.","category":"DeprecatedImportWarning","filename":"/opt/airflow/dags/11_incremental_load.py","lineno":1,"logger":"py.warnings"}
{"timestamp":"2026-02-03T11:08:01.090676Z","level":"info","event":"Filling up the DagBag from /opt/airflow/dags/11_incremental_load.py","logger":"airflow.models.dagbag.DagBag","filename":"dagbag.py","lineno":593}
{"timestamp":"2026-02-03T11:08:01.136697Z","level":"warning","event":"The `airflow.decorators.dag` attribute is deprecated. Please use `'airflow.sdk.dag'`.","category":"DeprecatedImportWarning","filename":"/opt/airflow/dags/11_incremental_load.py","lineno":1,"logger":"py.warnings"}
{"timestamp":"2026-02-03T11:08:01.136889Z","level":"warning","event":"The `airflow.decorators.task` attribute is deprecated. Please use `'airflow.sdk.task'`.","category":"DeprecatedImportWarning","filename":"/opt/airflow/dags/11_incremental_load.py","lineno":1,"logger":"py.warnings"}
{"timestamp":"2026-02-03T11:08:31.663088Z","level":"info","event":"Filling up the DagBag from /opt/airflow/dags/11_incremental_load.py","logger":"airflow.models.dagbag.DagBag","filename":"dagbag.py","lineno":593}
{"timestamp":"2026-02-03T11:08:31.698797Z","level":"warning","event":"The `airflow.decorators.dag` attribute is deprecated. Please use `'airflow.sdk.dag'`.","category":"DeprecatedImportWarning","filename":"/opt/airflow/dags/11_incremental_load.py","lineno":1,"logger":"py.warnings"}
{"timestamp":"2026-02-03T11:08:31.698957Z","level":"warning","event":"The `airflow.decorators.task` attribute is deprecated. Please use `'airflow.sdk.task'`.","category":"DeprecatedImportWarning","filename":"/opt/airflow/dags/11_incremental_load.py","lineno":1,"logger":"py.warnings"}
{"timestamp":"2026-02-03T11:09:02.534869Z","level":"info","event":"Filling up the DagBag from /opt/airflow/dags/11_incremental_load.py","logger":"airflow.models.dagbag.DagBag","filename":"dagbag.py","lineno":593}
{"timestamp":"2026-02-03T11:09:02.574903Z","level":"warning","event":"The `airflow.decorators.dag` attribute is deprecated. Please use `'airflow.sdk.dag'`.","category":"DeprecatedImportWarning","filename":"/opt/airflow/dags/11_incremental_load.py","lineno":1,"logger":"py.warnings"}
{"timestamp":"2026-02-03T11:09:02.575134Z","level":"warning","event":"The `airflow.decorators.task` attribute is deprecated. Please use `'airflow.sdk.task'`.","category":"DeprecatedImportWarning","filename":"/opt/airflow/dags/11_incremental_load.py","lineno":1,"logger":"py.warnings"}
{"timestamp":"2026-02-03T11:09:33.148606Z","level":"info","event":"Filling up the DagBag from /opt/airflow/dags/11_incremental_load.py","logger":"airflow.models.dagbag.DagBag","filename":"dagbag.py","lineno":593}
{"timestamp":"2026-02-03T11:09:33.177820Z","level":"warning","event":"The `airflow.decorators.dag` attribute is deprecated. Please use `'airflow.sdk.dag'`.","category":"DeprecatedImportWarning","filename":"/opt/airflow/dags/11_incremental_load.py","lineno":1,"logger":"py.warnings"}
{"timestamp":"2026-02-03T11:09:33.177989Z","level":"warning","event":"The `airflow.decorators.task` attribute is deprecated. Please use `'airflow.sdk.task'`.","category":"DeprecatedImportWarning","filename":"/opt/airflow/dags/11_incremental_load.py","lineno":1,"logger":"py.warnings"}
{"timestamp":"2026-02-03T11:10:03.414914Z","level":"info","event":"Filling up the DagBag from /opt/airflow/dags/11_incremental_load.py","logger":"airflow.models.dagbag.DagBag","filename":"dagbag.py","lineno":593}
{"timestamp":"2026-02-03T11:10:03.772795Z","level":"warning","event":"The `airflow.decorators.dag` attribute is deprecated. Please use `'airflow.sdk.dag'`.","category":"DeprecatedImportWarning","filename":"/opt/airflow/dags/11_incremental_load.py","lineno":1,"logger":"py.warnings"}
{"timestamp":"2026-02-03T11:10:03.772931Z","level":"warning","event":"The `airflow.decorators.task` attribute is deprecated. Please use `'airflow.sdk.task'`.","category":"DeprecatedImportWarning","filename":"/opt/airflow/dags/11_incremental_load.py","lineno":1,"logger":"py.warnings"}
{"timestamp":"2026-02-03T11:10:34.739758Z","level":"info","event":"Filling up the DagBag from /opt/airflow/dags/11_incremental_load.py","logger":"airflow.models.dagbag.DagBag","filename":"dagbag.py","lineno":593}
{"timestamp":"2026-02-03T11:10:34.771297Z","level":"warning","event":"The `airflow.decorators.dag` attribute is deprecated. Please use `'airflow.sdk.dag'`.","category":"DeprecatedImportWarning","filename":"/opt/airflow/dags/11_incremental_load.py","lineno":1,"logger":"py.warnings"}
{"timestamp":"2026-02-03T11:10:34.771413Z","level":"warning","event":"The `airflow.decorators.task` attribute is deprecated. Please use `'airflow.sdk.task'`.","category":"DeprecatedImportWarning","filename":"/opt/airflow/dags/11_incremental_load.py","lineno":1,"logger":"py.warnings"}
{"timestamp":"2026-02-03T11:11:05.283624Z","level":"info","event":"Filling up the DagBag from /opt/airflow/dags/11_incremental_load.py","logger":"airflow.models.dagbag.DagBag","filename":"dagbag.py","lineno":593}
{"timestamp":"2026-02-03T11:11:05.396454Z","level":"warning","event":"The `airflow.decorators.dag` attribute is deprecated. Please use `'airflow.sdk.dag'`.","category":"DeprecatedImportWarning","filename":"/opt/airflow/dags/11_incremental_load.py","lineno":1,"logger":"py.warnings"}
{"timestamp":"2026-02-03T11:11:05.396593Z","level":"warning","event":"The `airflow.decorators.task` attribute is deprecated. Please use `'airflow.sdk.task'`.","category":"DeprecatedImportWarning","filename":"/opt/airflow/dags/11_incremental_load.py","lineno":1,"logger":"py.warnings"}
{"timestamp":"2026-02-03T11:11:36.029135Z","level":"info","event":"Filling up the DagBag from /opt/airflow/dags/11_incremental_load.py","logger":"airflow.models.dagbag.DagBag","filename":"dagbag.py","lineno":593}
{"timestamp":"2026-02-03T11:11:36.057925Z","level":"warning","event":"The `airflow.decorators.dag` attribute is deprecated. Please use `'airflow.sdk.dag'`.","category":"DeprecatedImportWarning","filename":"/opt/airflow/dags/11_incremental_load.py","lineno":1,"logger":"py.warnings"}
{"timestamp":"2026-02-03T11:11:36.058081Z","level":"warning","event":"The `airflow.decorators.task` attribute is deprecated. Please use `'airflow.sdk.task'`.","category":"DeprecatedImportWarning","filename":"/opt/airflow/dags/11_incremental_load.py","lineno":1,"logger":"py.warnings"}
{"timestamp":"2026-02-03T11:12:06.559567Z","level":"info","event":"Filling up the DagBag from /opt/airflow/dags/11_incremental_load.py","logger":"airflow.models.dagbag.DagBag","filename":"dagbag.py","lineno":593}
{"timestamp":"2026-02-03T11:12:06.592563Z","level":"warning","event":"The `airflow.decorators.dag` attribute is deprecated. Please use `'airflow.sdk.dag'`.","category":"DeprecatedImportWarning","filename":"/opt/airflow/dags/11_incremental_load.py","lineno":1,"logger":"py.warnings"}
{"timestamp":"2026-02-03T11:12:06.592752Z","level":"warning","event":"The `airflow.decorators.task` attribute is deprecated. Please use `'airflow.sdk.task'`.","category":"DeprecatedImportWarning","filename":"/opt/airflow/dags/11_incremental_load.py","lineno":1,"logger":"py.warnings"}
{"timestamp":"2026-02-03T11:12:38.054554Z","level":"info","event":"Filling up the DagBag from /opt/airflow/dags/11_incremental_load.py","logger":"airflow.models.dagbag.DagBag","filename":"dagbag.py","lineno":593}
{"timestamp":"2026-02-03T11:12:38.096200Z","level":"warning","event":"The `airflow.decorators.dag` attribute is deprecated. Please use `'airflow.sdk.dag'`.","category":"DeprecatedImportWarning","filename":"/opt/airflow/dags/11_incremental_load.py","lineno":1,"logger":"py.warnings"}
{"timestamp":"2026-02-03T11:12:38.096371Z","level":"warning","event":"The `airflow.decorators.task` attribute is deprecated. Please use `'airflow.sdk.task'`.","category":"DeprecatedImportWarning","filename":"/opt/airflow/dags/11_incremental_load.py","lineno":1,"logger":"py.warnings"}
{"timestamp":"2026-02-03T11:13:08.590066Z","level":"info","event":"Filling up the DagBag from /opt/airflow/dags/11_incremental_load.py","logger":"airflow.models.dagbag.DagBag","filename":"dagbag.py","lineno":593}
{"timestamp":"2026-02-03T11:13:08.647146Z","level":"warning","event":"The `airflow.decorators.dag` attribute is deprecated. Please use `'airflow.sdk.dag'`.","category":"DeprecatedImportWarning","filename":"/opt/airflow/dags/11_incremental_load.py","lineno":1,"logger":"py.warnings"}
{"timestamp":"2026-02-03T11:13:08.647363Z","level":"warning","event":"The `airflow.decorators.task` attribute is deprecated. Please use `'airflow.sdk.task'`.","category":"DeprecatedImportWarning","filename":"/opt/airflow/dags/11_incremental_load.py","lineno":1,"logger":"py.warnings"}
{"timestamp":"2026-02-03T11:13:39.100099Z","level":"info","event":"Filling up the DagBag from /opt/airflow/dags/11_incremental_load.py","logger":"airflow.models.dagbag.DagBag","filename":"dagbag.py","lineno":593}
{"timestamp":"2026-02-03T11:13:39.126495Z","level":"warning","event":"The `airflow.decorators.dag` attribute is deprecated. Please use `'airflow.sdk.dag'`.","category":"DeprecatedImportWarning","filename":"/opt/airflow/dags/11_incremental_load.py","lineno":1,"logger":"py.warnings"}
{"timestamp":"2026-02-03T11:13:39.126637Z","level":"warning","event":"The `airflow.decorators.task` attribute is deprecated. Please use `'airflow.sdk.task'`.","category":"DeprecatedImportWarning","filename":"/opt/airflow/dags/11_incremental_load.py","lineno":1,"logger":"py.warnings"}
{"timestamp":"2026-02-03T11:14:09.243370Z","level":"info","event":"Filling up the DagBag from /opt/airflow/dags/11_incremental_load.py","logger":"airflow.models.dagbag.DagBag","filename":"dagbag.py","lineno":593}
{"timestamp":"2026-02-03T11:14:09.280158Z","level":"warning","event":"The `airflow.decorators.dag` attribute is deprecated. Please use `'airflow.sdk.dag'`.","category":"DeprecatedImportWarning","filename":"/opt/airflow/dags/11_incremental_load.py","lineno":1,"logger":"py.warnings"}
{"timestamp":"2026-02-03T11:14:09.280322Z","level":"warning","event":"The `airflow.decorators.task` attribute is deprecated. Please use `'airflow.sdk.task'`.","category":"DeprecatedImportWarning","filename":"/opt/airflow/dags/11_incremental_load.py","lineno":1,"logger":"py.warnings"}
{"timestamp":"2026-02-03T11:14:39.784001Z","level":"info","event":"Filling up the DagBag from /opt/airflow/dags/11_incremental_load.py","logger":"airflow.models.dagbag.DagBag","filename":"dagbag.py","lineno":593}
{"timestamp":"2026-02-03T11:14:39.827134Z","level":"warning","event":"The `airflow.decorators.dag` attribute is deprecated. Please use `'airflow.sdk.dag'`.","category":"DeprecatedImportWarning","filename":"/opt/airflow/dags/11_incremental_load.py","lineno":1,"logger":"py.warnings"}
{"timestamp":"2026-02-03T11:14:39.827366Z","level":"warning","event":"The `airflow.decorators.task` attribute is deprecated. Please use `'airflow.sdk.task'`.","category":"DeprecatedImportWarning","filename":"/opt/airflow/dags/11_incremental_load.py","lineno":1,"logger":"py.warnings"}
{"timestamp":"2026-02-03T11:15:10.431191Z","level":"info","event":"Filling up the DagBag from /opt/airflow/dags/11_incremental_load.py","logger":"airflow.models.dagbag.DagBag","filename":"dagbag.py","lineno":593}
{"timestamp":"2026-02-03T11:15:10.459854Z","level":"warning","event":"The `airflow.decorators.dag` attribute is deprecated. Please use `'airflow.sdk.dag'`.","category":"DeprecatedImportWarning","filename":"/opt/airflow/dags/11_incremental_load.py","lineno":1,"logger":"py.warnings"}
{"timestamp":"2026-02-03T11:15:10.460009Z","level":"warning","event":"The `airflow.decorators.task` attribute is deprecated. Please use `'airflow.sdk.task'`.","category":"DeprecatedImportWarning","filename":"/opt/airflow/dags/11_incremental_load.py","lineno":1,"logger":"py.warnings"}
{"timestamp":"2026-02-03T11:15:41.417972Z","level":"info","event":"Filling up the DagBag from /opt/airflow/dags/11_incremental_load.py","logger":"airflow.models.dagbag.DagBag","filename":"dagbag.py","lineno":593}
{"timestamp":"2026-02-03T11:15:41.498235Z","level":"warning","event":"The `airflow.decorators.dag` attribute is deprecated. Please use `'airflow.sdk.dag'`.","category":"DeprecatedImportWarning","filename":"/opt/airflow/dags/11_incremental_load.py","lineno":1,"logger":"py.warnings"}
{"timestamp":"2026-02-03T11:15:41.498555Z","level":"warning","event":"The `airflow.decorators.task` attribute is deprecated. Please use `'airflow.sdk.task'`.","category":"DeprecatedImportWarning","filename":"/opt/airflow/dags/11_incremental_load.py","lineno":1,"logger":"py.warnings"}
{"timestamp":"2026-02-03T11:16:12.628956Z","level":"info","event":"Filling up the DagBag from /opt/airflow/dags/11_incremental_load.py","logger":"airflow.models.dagbag.DagBag","filename":"dagbag.py","lineno":593}
{"timestamp":"2026-02-03T11:16:12.657613Z","level":"warning","event":"The `airflow.decorators.dag` attribute is deprecated. Please use `'airflow.sdk.dag'`.","category":"DeprecatedImportWarning","filename":"/opt/airflow/dags/11_incremental_load.py","lineno":1,"logger":"py.warnings"}
{"timestamp":"2026-02-03T11:16:12.657785Z","level":"warning","event":"The `airflow.decorators.task` attribute is deprecated. Please use `'airflow.sdk.task'`.","category":"DeprecatedImportWarning","filename":"/opt/airflow/dags/11_incremental_load.py","lineno":1,"logger":"py.warnings"}
{"timestamp":"2026-02-03T11:16:42.767243Z","level":"info","event":"Filling up the DagBag from /opt/airflow/dags/11_incremental_load.py","logger":"airflow.models.dagbag.DagBag","filename":"dagbag.py","lineno":593}
{"timestamp":"2026-02-03T11:16:42.801726Z","level":"warning","event":"The `airflow.decorators.dag` attribute is deprecated. Please use `'airflow.sdk.dag'`.","category":"DeprecatedImportWarning","filename":"/opt/airflow/dags/11_incremental_load.py","lineno":1,"logger":"py.warnings"}
{"timestamp":"2026-02-03T11:16:42.801859Z","level":"warning","event":"The `airflow.decorators.task` attribute is deprecated. Please use `'airflow.sdk.task'`.","category":"DeprecatedImportWarning","filename":"/opt/airflow/dags/11_incremental_load.py","lineno":1,"logger":"py.warnings"}
{"timestamp":"2026-02-03T11:17:13.591160Z","level":"info","event":"Filling up the DagBag from /opt/airflow/dags/11_incremental_load.py","logger":"airflow.models.dagbag.DagBag","filename":"dagbag.py","lineno":593}
{"timestamp":"2026-02-03T11:17:13.633814Z","level":"warning","event":"The `airflow.decorators.dag` attribute is deprecated. Please use `'airflow.sdk.dag'`.","category":"DeprecatedImportWarning","filename":"/opt/airflow/dags/11_incremental_load.py","lineno":1,"logger":"py.warnings"}
{"timestamp":"2026-02-03T11:17:13.633979Z","level":"warning","event":"The `airflow.decorators.task` attribute is deprecated. Please use `'airflow.sdk.task'`.","category":"DeprecatedImportWarning","filename":"/opt/airflow/dags/11_incremental_load.py","lineno":1,"logger":"py.warnings"}
