{"timestamp":"2026-02-03T06:04:29.192711Z","level":"warning","event":"Error when trying to pre-import module 'airflow.operatorts.bash' found in /opt/airflow/dags/3_operators.py: No module named 'airflow.operatorts'","logger":"processor"}
{"timestamp":"2026-02-03T06:04:29.219586Z","level":"info","event":"Filling up the DagBag from /opt/airflow/dags/3_operators.py","logger":"airflow.models.dagbag.DagBag","filename":"dagbag.py","lineno":593}
{"timestamp":"2026-02-03T06:04:29.291724Z","level":"error","event":"Failed to import: /opt/airflow/dags/3_operators.py","logger":"airflow.models.dagbag.DagBag","filename":"dagbag.py","lineno":415,"error_detail":[{"exc_type":"ModuleNotFoundError","exc_value":"No module named 'airflow.operatorts'","exc_notes":[],"syntax_error":null,"is_cause":false,"frames":[{"filename":"/home/airflow/.local/lib/python3.12/site-packages/airflow/models/dagbag.py","lineno":405,"name":"parse"},{"filename":"<frozen importlib._bootstrap_external>","lineno":999,"name":"exec_module"},{"filename":"<frozen importlib._bootstrap>","lineno":488,"name":"_call_with_frames_removed"},{"filename":"/opt/airflow/dags/3_operators.py","lineno":2,"name":"<module>"}],"is_group":false,"exceptions":[]}]}
{"timestamp":"2026-02-03T06:04:59.523395Z","level":"warning","event":"Error when trying to pre-import module 'airflow.operatorts.bash' found in /opt/airflow/dags/3_operators.py: No module named 'airflow.operatorts'","logger":"processor"}
{"timestamp":"2026-02-03T06:04:59.546676Z","level":"info","event":"Filling up the DagBag from /opt/airflow/dags/3_operators.py","logger":"airflow.models.dagbag.DagBag","filename":"dagbag.py","lineno":593}
{"timestamp":"2026-02-03T06:04:59.570534Z","level":"error","event":"Failed to import: /opt/airflow/dags/3_operators.py","logger":"airflow.models.dagbag.DagBag","filename":"dagbag.py","lineno":415,"error_detail":[{"exc_type":"ModuleNotFoundError","exc_value":"No module named 'airflow.operatorts'","exc_notes":[],"syntax_error":null,"is_cause":false,"frames":[{"filename":"/home/airflow/.local/lib/python3.12/site-packages/airflow/models/dagbag.py","lineno":405,"name":"parse"},{"filename":"<frozen importlib._bootstrap_external>","lineno":999,"name":"exec_module"},{"filename":"<frozen importlib._bootstrap>","lineno":488,"name":"_call_with_frames_removed"},{"filename":"/opt/airflow/dags/3_operators.py","lineno":2,"name":"<module>"}],"is_group":false,"exceptions":[]}]}
{"timestamp":"2026-02-03T06:05:29.741048Z","level":"warning","event":"Error when trying to pre-import module 'airflow.operatorts.bash' found in /opt/airflow/dags/3_operators.py: No module named 'airflow.operatorts'","logger":"processor"}
{"timestamp":"2026-02-03T06:05:29.769823Z","level":"info","event":"Filling up the DagBag from /opt/airflow/dags/3_operators.py","logger":"airflow.models.dagbag.DagBag","filename":"dagbag.py","lineno":593}
{"timestamp":"2026-02-03T06:05:29.792257Z","level":"error","event":"Failed to import: /opt/airflow/dags/3_operators.py","logger":"airflow.models.dagbag.DagBag","filename":"dagbag.py","lineno":415,"error_detail":[{"exc_type":"ModuleNotFoundError","exc_value":"No module named 'airflow.operatorts'","exc_notes":[],"syntax_error":null,"is_cause":false,"frames":[{"filename":"/home/airflow/.local/lib/python3.12/site-packages/airflow/models/dagbag.py","lineno":405,"name":"parse"},{"filename":"<frozen importlib._bootstrap_external>","lineno":999,"name":"exec_module"},{"filename":"<frozen importlib._bootstrap>","lineno":488,"name":"_call_with_frames_removed"},{"filename":"/opt/airflow/dags/3_operators.py","lineno":2,"name":"<module>"}],"is_group":false,"exceptions":[]}]}
{"timestamp":"2026-02-03T06:06:00.501892Z","level":"warning","event":"Error when trying to pre-import module 'airflow.operatorts.bash' found in /opt/airflow/dags/3_operators.py: No module named 'airflow.operatorts'","logger":"processor"}
{"timestamp":"2026-02-03T06:06:00.537207Z","level":"info","event":"Filling up the DagBag from /opt/airflow/dags/3_operators.py","logger":"airflow.models.dagbag.DagBag","filename":"dagbag.py","lineno":593}
{"timestamp":"2026-02-03T06:06:00.564206Z","level":"error","event":"Failed to import: /opt/airflow/dags/3_operators.py","logger":"airflow.models.dagbag.DagBag","filename":"dagbag.py","lineno":415,"error_detail":[{"exc_type":"ModuleNotFoundError","exc_value":"No module named 'airflow.operatorts'","exc_notes":[],"syntax_error":null,"is_cause":false,"frames":[{"filename":"/home/airflow/.local/lib/python3.12/site-packages/airflow/models/dagbag.py","lineno":405,"name":"parse"},{"filename":"<frozen importlib._bootstrap_external>","lineno":999,"name":"exec_module"},{"filename":"<frozen importlib._bootstrap>","lineno":488,"name":"_call_with_frames_removed"},{"filename":"/opt/airflow/dags/3_operators.py","lineno":2,"name":"<module>"}],"is_group":false,"exceptions":[]}]}
{"timestamp":"2026-02-03T06:06:31.068126Z","level":"warning","event":"Error when trying to pre-import module 'airflow.operatorts.bash' found in /opt/airflow/dags/3_operators.py: No module named 'airflow.operatorts'","logger":"processor"}
{"timestamp":"2026-02-03T06:06:31.093161Z","level":"info","event":"Filling up the DagBag from /opt/airflow/dags/3_operators.py","logger":"airflow.models.dagbag.DagBag","filename":"dagbag.py","lineno":593}
{"timestamp":"2026-02-03T06:06:31.115055Z","level":"error","event":"Failed to import: /opt/airflow/dags/3_operators.py","logger":"airflow.models.dagbag.DagBag","filename":"dagbag.py","lineno":415,"error_detail":[{"exc_type":"ModuleNotFoundError","exc_value":"No module named 'airflow.operatorts'","exc_notes":[],"syntax_error":null,"is_cause":false,"frames":[{"filename":"/home/airflow/.local/lib/python3.12/site-packages/airflow/models/dagbag.py","lineno":405,"name":"parse"},{"filename":"<frozen importlib._bootstrap_external>","lineno":999,"name":"exec_module"},{"filename":"<frozen importlib._bootstrap>","lineno":488,"name":"_call_with_frames_removed"},{"filename":"/opt/airflow/dags/3_operators.py","lineno":2,"name":"<module>"}],"is_group":false,"exceptions":[]}]}
{"timestamp":"2026-02-03T06:06:52.339498Z","level":"info","event":"Filling up the DagBag from /opt/airflow/dags/3_operators.py","logger":"airflow.models.dagbag.DagBag","filename":"dagbag.py","lineno":593}
{"timestamp":"2026-02-03T06:06:52.403823Z","level":"warning","event":"The `airflow.operators.bash.BashOperator` attribute is deprecated. Please use `'airflow.providers.standard.operators.bash.BashOperator'`.","category":"DeprecatedImportWarning","filename":"/opt/airflow/dags/3_operators.py","lineno":2,"logger":"py.warnings"}
{"timestamp":"2026-02-03T06:07:22.802610Z","level":"info","event":"Filling up the DagBag from /opt/airflow/dags/3_operators.py","logger":"airflow.models.dagbag.DagBag","filename":"dagbag.py","lineno":593}
{"timestamp":"2026-02-03T06:07:22.846523Z","level":"warning","event":"The `airflow.operators.bash.BashOperator` attribute is deprecated. Please use `'airflow.providers.standard.operators.bash.BashOperator'`.","category":"DeprecatedImportWarning","filename":"/opt/airflow/dags/3_operators.py","lineno":2,"logger":"py.warnings"}
{"timestamp":"2026-02-03T06:07:53.367008Z","level":"info","event":"Filling up the DagBag from /opt/airflow/dags/3_operators.py","logger":"airflow.models.dagbag.DagBag","filename":"dagbag.py","lineno":593}
{"timestamp":"2026-02-03T06:07:53.421279Z","level":"warning","event":"The `airflow.operators.bash.BashOperator` attribute is deprecated. Please use `'airflow.providers.standard.operators.bash.BashOperator'`.","category":"DeprecatedImportWarning","filename":"/opt/airflow/dags/3_operators.py","lineno":2,"logger":"py.warnings"}
{"timestamp":"2026-02-03T06:08:24.454784Z","level":"info","event":"Filling up the DagBag from /opt/airflow/dags/3_operators.py","logger":"airflow.models.dagbag.DagBag","filename":"dagbag.py","lineno":593}
{"timestamp":"2026-02-03T06:08:24.512350Z","level":"warning","event":"The `airflow.operators.bash.BashOperator` attribute is deprecated. Please use `'airflow.providers.standard.operators.bash.BashOperator'`.","category":"DeprecatedImportWarning","filename":"/opt/airflow/dags/3_operators.py","lineno":2,"logger":"py.warnings"}
{"timestamp":"2026-02-03T06:08:55.022509Z","level":"info","event":"Filling up the DagBag from /opt/airflow/dags/3_operators.py","logger":"airflow.models.dagbag.DagBag","filename":"dagbag.py","lineno":593}
{"timestamp":"2026-02-03T06:08:55.057271Z","level":"warning","event":"The `airflow.operators.bash.BashOperator` attribute is deprecated. Please use `'airflow.providers.standard.operators.bash.BashOperator'`.","category":"DeprecatedImportWarning","filename":"/opt/airflow/dags/3_operators.py","lineno":2,"logger":"py.warnings"}
{"timestamp":"2026-02-03T06:09:23.662908Z","level":"info","event":"Filling up the DagBag from /opt/airflow/dags/3_operators.py","logger":"airflow.models.dagbag.DagBag","filename":"dagbag.py","lineno":593}
{"timestamp":"2026-02-03T06:09:23.723402Z","level":"warning","event":"The `airflow.operators.bash.BashOperator` attribute is deprecated. Please use `'airflow.providers.standard.operators.bash.BashOperator'`.","category":"DeprecatedImportWarning","filename":"/opt/airflow/dags/3_operators.py","lineno":2,"logger":"py.warnings"}
{"timestamp":"2026-02-03T06:09:54.391149Z","level":"info","event":"Filling up the DagBag from /opt/airflow/dags/3_operators.py","logger":"airflow.models.dagbag.DagBag","filename":"dagbag.py","lineno":593}
{"timestamp":"2026-02-03T06:09:54.439358Z","level":"warning","event":"The `airflow.operators.bash.BashOperator` attribute is deprecated. Please use `'airflow.providers.standard.operators.bash.BashOperator'`.","category":"DeprecatedImportWarning","filename":"/opt/airflow/dags/3_operators.py","lineno":2,"logger":"py.warnings"}
{"timestamp":"2026-02-03T06:10:25.084321Z","level":"info","event":"Filling up the DagBag from /opt/airflow/dags/3_operators.py","logger":"airflow.models.dagbag.DagBag","filename":"dagbag.py","lineno":593}
{"timestamp":"2026-02-03T06:10:25.147639Z","level":"warning","event":"The `airflow.operators.bash.BashOperator` attribute is deprecated. Please use `'airflow.providers.standard.operators.bash.BashOperator'`.","category":"DeprecatedImportWarning","filename":"/opt/airflow/dags/3_operators.py","lineno":2,"logger":"py.warnings"}
{"timestamp":"2026-02-03T06:10:55.896160Z","level":"info","event":"Filling up the DagBag from /opt/airflow/dags/3_operators.py","logger":"airflow.models.dagbag.DagBag","filename":"dagbag.py","lineno":593}
{"timestamp":"2026-02-03T06:10:55.937679Z","level":"warning","event":"The `airflow.operators.bash.BashOperator` attribute is deprecated. Please use `'airflow.providers.standard.operators.bash.BashOperator'`.","category":"DeprecatedImportWarning","filename":"/opt/airflow/dags/3_operators.py","lineno":2,"logger":"py.warnings"}
{"timestamp":"2026-02-03T06:11:26.527519Z","level":"info","event":"Filling up the DagBag from /opt/airflow/dags/3_operators.py","logger":"airflow.models.dagbag.DagBag","filename":"dagbag.py","lineno":593}
{"timestamp":"2026-02-03T06:11:26.586141Z","level":"warning","event":"The `airflow.operators.bash.BashOperator` attribute is deprecated. Please use `'airflow.providers.standard.operators.bash.BashOperator'`.","category":"DeprecatedImportWarning","filename":"/opt/airflow/dags/3_operators.py","lineno":2,"logger":"py.warnings"}
{"timestamp":"2026-02-03T06:11:57.320266Z","level":"info","event":"Filling up the DagBag from /opt/airflow/dags/3_operators.py","logger":"airflow.models.dagbag.DagBag","filename":"dagbag.py","lineno":593}
{"timestamp":"2026-02-03T06:11:57.358139Z","level":"warning","event":"The `airflow.operators.bash.BashOperator` attribute is deprecated. Please use `'airflow.providers.standard.operators.bash.BashOperator'`.","category":"DeprecatedImportWarning","filename":"/opt/airflow/dags/3_operators.py","lineno":2,"logger":"py.warnings"}
{"timestamp":"2026-02-03T06:12:27.859842Z","level":"info","event":"Filling up the DagBag from /opt/airflow/dags/3_operators.py","logger":"airflow.models.dagbag.DagBag","filename":"dagbag.py","lineno":593}
{"timestamp":"2026-02-03T06:12:27.918171Z","level":"warning","event":"The `airflow.operators.bash.BashOperator` attribute is deprecated. Please use `'airflow.providers.standard.operators.bash.BashOperator'`.","category":"DeprecatedImportWarning","filename":"/opt/airflow/dags/3_operators.py","lineno":2,"logger":"py.warnings"}
{"timestamp":"2026-02-03T06:12:58.253075Z","level":"info","event":"Filling up the DagBag from /opt/airflow/dags/3_operators.py","logger":"airflow.models.dagbag.DagBag","filename":"dagbag.py","lineno":593}
{"timestamp":"2026-02-03T06:12:58.293543Z","level":"warning","event":"The `airflow.operators.bash.BashOperator` attribute is deprecated. Please use `'airflow.providers.standard.operators.bash.BashOperator'`.","category":"DeprecatedImportWarning","filename":"/opt/airflow/dags/3_operators.py","lineno":2,"logger":"py.warnings"}
{"timestamp":"2026-02-03T06:13:28.688077Z","level":"info","event":"Filling up the DagBag from /opt/airflow/dags/3_operators.py","logger":"airflow.models.dagbag.DagBag","filename":"dagbag.py","lineno":593}
{"timestamp":"2026-02-03T06:13:28.719799Z","level":"warning","event":"The `airflow.operators.bash.BashOperator` attribute is deprecated. Please use `'airflow.providers.standard.operators.bash.BashOperator'`.","category":"DeprecatedImportWarning","filename":"/opt/airflow/dags/3_operators.py","lineno":2,"logger":"py.warnings"}
{"timestamp":"2026-02-03T06:13:59.114390Z","level":"info","event":"Filling up the DagBag from /opt/airflow/dags/3_operators.py","logger":"airflow.models.dagbag.DagBag","filename":"dagbag.py","lineno":593}
{"timestamp":"2026-02-03T06:13:59.143375Z","level":"warning","event":"The `airflow.operators.bash.BashOperator` attribute is deprecated. Please use `'airflow.providers.standard.operators.bash.BashOperator'`.","category":"DeprecatedImportWarning","filename":"/opt/airflow/dags/3_operators.py","lineno":2,"logger":"py.warnings"}
{"timestamp":"2026-02-03T06:14:29.543345Z","level":"info","event":"Filling up the DagBag from /opt/airflow/dags/3_operators.py","logger":"airflow.models.dagbag.DagBag","filename":"dagbag.py","lineno":593}
{"timestamp":"2026-02-03T06:14:29.587884Z","level":"warning","event":"The `airflow.operators.bash.BashOperator` attribute is deprecated. Please use `'airflow.providers.standard.operators.bash.BashOperator'`.","category":"DeprecatedImportWarning","filename":"/opt/airflow/dags/3_operators.py","lineno":2,"logger":"py.warnings"}
{"timestamp":"2026-02-03T06:14:59.940804Z","level":"info","event":"Filling up the DagBag from /opt/airflow/dags/3_operators.py","logger":"airflow.models.dagbag.DagBag","filename":"dagbag.py","lineno":593}
{"timestamp":"2026-02-03T06:14:59.994045Z","level":"warning","event":"The `airflow.operators.bash.BashOperator` attribute is deprecated. Please use `'airflow.providers.standard.operators.bash.BashOperator'`.","category":"DeprecatedImportWarning","filename":"/opt/airflow/dags/3_operators.py","lineno":2,"logger":"py.warnings"}
{"timestamp":"2026-02-03T06:15:30.292859Z","level":"info","event":"Filling up the DagBag from /opt/airflow/dags/3_operators.py","logger":"airflow.models.dagbag.DagBag","filename":"dagbag.py","lineno":593}
{"timestamp":"2026-02-03T06:15:30.326686Z","level":"warning","event":"The `airflow.operators.bash.BashOperator` attribute is deprecated. Please use `'airflow.providers.standard.operators.bash.BashOperator'`.","category":"DeprecatedImportWarning","filename":"/opt/airflow/dags/3_operators.py","lineno":2,"logger":"py.warnings"}
{"timestamp":"2026-02-03T06:16:00.814320Z","level":"info","event":"Filling up the DagBag from /opt/airflow/dags/3_operators.py","logger":"airflow.models.dagbag.DagBag","filename":"dagbag.py","lineno":593}
{"timestamp":"2026-02-03T06:16:00.843590Z","level":"warning","event":"The `airflow.operators.bash.BashOperator` attribute is deprecated. Please use `'airflow.providers.standard.operators.bash.BashOperator'`.","category":"DeprecatedImportWarning","filename":"/opt/airflow/dags/3_operators.py","lineno":2,"logger":"py.warnings"}
{"timestamp":"2026-02-03T06:16:31.115765Z","level":"info","event":"Filling up the DagBag from /opt/airflow/dags/3_operators.py","logger":"airflow.models.dagbag.DagBag","filename":"dagbag.py","lineno":593}
{"timestamp":"2026-02-03T06:16:31.159204Z","level":"warning","event":"The `airflow.operators.bash.BashOperator` attribute is deprecated. Please use `'airflow.providers.standard.operators.bash.BashOperator'`.","category":"DeprecatedImportWarning","filename":"/opt/airflow/dags/3_operators.py","lineno":2,"logger":"py.warnings"}
{"timestamp":"2026-02-03T06:17:01.473624Z","level":"info","event":"Filling up the DagBag from /opt/airflow/dags/3_operators.py","logger":"airflow.models.dagbag.DagBag","filename":"dagbag.py","lineno":593}
{"timestamp":"2026-02-03T06:17:01.502453Z","level":"warning","event":"The `airflow.operators.bash.BashOperator` attribute is deprecated. Please use `'airflow.providers.standard.operators.bash.BashOperator'`.","category":"DeprecatedImportWarning","filename":"/opt/airflow/dags/3_operators.py","lineno":2,"logger":"py.warnings"}
{"timestamp":"2026-02-03T06:17:31.829009Z","level":"info","event":"Filling up the DagBag from /opt/airflow/dags/3_operators.py","logger":"airflow.models.dagbag.DagBag","filename":"dagbag.py","lineno":593}
{"timestamp":"2026-02-03T06:17:31.907353Z","level":"warning","event":"The `airflow.operators.bash.BashOperator` attribute is deprecated. Please use `'airflow.providers.standard.operators.bash.BashOperator'`.","category":"DeprecatedImportWarning","filename":"/opt/airflow/dags/3_operators.py","lineno":2,"logger":"py.warnings"}
{"timestamp":"2026-02-03T06:18:02.361287Z","level":"info","event":"Filling up the DagBag from /opt/airflow/dags/3_operators.py","logger":"airflow.models.dagbag.DagBag","filename":"dagbag.py","lineno":593}
{"timestamp":"2026-02-03T06:18:02.395776Z","level":"warning","event":"The `airflow.operators.bash.BashOperator` attribute is deprecated. Please use `'airflow.providers.standard.operators.bash.BashOperator'`.","category":"DeprecatedImportWarning","filename":"/opt/airflow/dags/3_operators.py","lineno":2,"logger":"py.warnings"}
{"timestamp":"2026-02-03T06:18:33.253733Z","level":"info","event":"Filling up the DagBag from /opt/airflow/dags/3_operators.py","logger":"airflow.models.dagbag.DagBag","filename":"dagbag.py","lineno":593}
{"timestamp":"2026-02-03T06:18:33.287328Z","level":"warning","event":"The `airflow.operators.bash.BashOperator` attribute is deprecated. Please use `'airflow.providers.standard.operators.bash.BashOperator'`.","category":"DeprecatedImportWarning","filename":"/opt/airflow/dags/3_operators.py","lineno":2,"logger":"py.warnings"}
{"timestamp":"2026-02-03T06:19:03.410930Z","level":"info","event":"Filling up the DagBag from /opt/airflow/dags/3_operators.py","logger":"airflow.models.dagbag.DagBag","filename":"dagbag.py","lineno":593}
{"timestamp":"2026-02-03T06:19:03.455082Z","level":"warning","event":"The `airflow.operators.bash.BashOperator` attribute is deprecated. Please use `'airflow.providers.standard.operators.bash.BashOperator'`.","category":"DeprecatedImportWarning","filename":"/opt/airflow/dags/3_operators.py","lineno":2,"logger":"py.warnings"}
{"timestamp":"2026-02-03T06:19:33.804830Z","level":"info","event":"Filling up the DagBag from /opt/airflow/dags/3_operators.py","logger":"airflow.models.dagbag.DagBag","filename":"dagbag.py","lineno":593}
{"timestamp":"2026-02-03T06:19:33.830366Z","level":"warning","event":"The `airflow.operators.bash.BashOperator` attribute is deprecated. Please use `'airflow.providers.standard.operators.bash.BashOperator'`.","category":"DeprecatedImportWarning","filename":"/opt/airflow/dags/3_operators.py","lineno":2,"logger":"py.warnings"}
{"timestamp":"2026-02-03T06:20:04.672143Z","level":"info","event":"Filling up the DagBag from /opt/airflow/dags/3_operators.py","logger":"airflow.models.dagbag.DagBag","filename":"dagbag.py","lineno":593}
{"timestamp":"2026-02-03T06:20:04.699368Z","level":"warning","event":"The `airflow.operators.bash.BashOperator` attribute is deprecated. Please use `'airflow.providers.standard.operators.bash.BashOperator'`.","category":"DeprecatedImportWarning","filename":"/opt/airflow/dags/3_operators.py","lineno":2,"logger":"py.warnings"}
{"timestamp":"2026-02-03T06:20:35.515257Z","level":"info","event":"Filling up the DagBag from /opt/airflow/dags/3_operators.py","logger":"airflow.models.dagbag.DagBag","filename":"dagbag.py","lineno":593}
{"timestamp":"2026-02-03T06:20:35.624856Z","level":"warning","event":"The `airflow.operators.bash.BashOperator` attribute is deprecated. Please use `'airflow.providers.standard.operators.bash.BashOperator'`.","category":"DeprecatedImportWarning","filename":"/opt/airflow/dags/3_operators.py","lineno":2,"logger":"py.warnings"}
{"timestamp":"2026-02-03T06:21:06.635005Z","level":"info","event":"Filling up the DagBag from /opt/airflow/dags/3_operators.py","logger":"airflow.models.dagbag.DagBag","filename":"dagbag.py","lineno":593}
{"timestamp":"2026-02-03T06:21:06.673880Z","level":"warning","event":"The `airflow.operators.bash.BashOperator` attribute is deprecated. Please use `'airflow.providers.standard.operators.bash.BashOperator'`.","category":"DeprecatedImportWarning","filename":"/opt/airflow/dags/3_operators.py","lineno":2,"logger":"py.warnings"}
{"timestamp":"2026-02-03T06:21:37.451925Z","level":"info","event":"Filling up the DagBag from /opt/airflow/dags/3_operators.py","logger":"airflow.models.dagbag.DagBag","filename":"dagbag.py","lineno":593}
{"timestamp":"2026-02-03T06:21:37.909700Z","level":"warning","event":"The `airflow.operators.bash.BashOperator` attribute is deprecated. Please use `'airflow.providers.standard.operators.bash.BashOperator'`.","category":"DeprecatedImportWarning","filename":"/opt/airflow/dags/3_operators.py","lineno":2,"logger":"py.warnings"}
{"timestamp":"2026-02-03T06:22:08.031564Z","level":"info","event":"Filling up the DagBag from /opt/airflow/dags/3_operators.py","logger":"airflow.models.dagbag.DagBag","filename":"dagbag.py","lineno":593}
{"timestamp":"2026-02-03T06:22:08.110091Z","level":"warning","event":"The `airflow.operators.bash.BashOperator` attribute is deprecated. Please use `'airflow.providers.standard.operators.bash.BashOperator'`.","category":"DeprecatedImportWarning","filename":"/opt/airflow/dags/3_operators.py","lineno":2,"logger":"py.warnings"}
{"timestamp":"2026-02-03T06:22:38.774674Z","level":"info","event":"Filling up the DagBag from /opt/airflow/dags/3_operators.py","logger":"airflow.models.dagbag.DagBag","filename":"dagbag.py","lineno":593}
{"timestamp":"2026-02-03T06:22:38.819352Z","level":"warning","event":"The `airflow.operators.bash.BashOperator` attribute is deprecated. Please use `'airflow.providers.standard.operators.bash.BashOperator'`.","category":"DeprecatedImportWarning","filename":"/opt/airflow/dags/3_operators.py","lineno":2,"logger":"py.warnings"}
{"timestamp":"2026-02-03T06:23:09.500595Z","level":"info","event":"Filling up the DagBag from /opt/airflow/dags/3_operators.py","logger":"airflow.models.dagbag.DagBag","filename":"dagbag.py","lineno":593}
{"timestamp":"2026-02-03T06:23:09.572416Z","level":"warning","event":"The `airflow.operators.bash.BashOperator` attribute is deprecated. Please use `'airflow.providers.standard.operators.bash.BashOperator'`.","category":"DeprecatedImportWarning","filename":"/opt/airflow/dags/3_operators.py","lineno":2,"logger":"py.warnings"}
{"timestamp":"2026-02-03T06:23:40.144285Z","level":"info","event":"Filling up the DagBag from /opt/airflow/dags/3_operators.py","logger":"airflow.models.dagbag.DagBag","filename":"dagbag.py","lineno":593}
{"timestamp":"2026-02-03T06:23:40.196961Z","level":"warning","event":"The `airflow.operators.bash.BashOperator` attribute is deprecated. Please use `'airflow.providers.standard.operators.bash.BashOperator'`.","category":"DeprecatedImportWarning","filename":"/opt/airflow/dags/3_operators.py","lineno":2,"logger":"py.warnings"}
{"timestamp":"2026-02-03T06:24:10.759714Z","level":"info","event":"Filling up the DagBag from /opt/airflow/dags/3_operators.py","logger":"airflow.models.dagbag.DagBag","filename":"dagbag.py","lineno":593}
{"timestamp":"2026-02-03T06:24:10.868190Z","level":"warning","event":"The `airflow.operators.bash.BashOperator` attribute is deprecated. Please use `'airflow.providers.standard.operators.bash.BashOperator'`.","category":"DeprecatedImportWarning","filename":"/opt/airflow/dags/3_operators.py","lineno":2,"logger":"py.warnings"}
{"timestamp":"2026-02-03T06:24:41.325766Z","level":"info","event":"Filling up the DagBag from /opt/airflow/dags/3_operators.py","logger":"airflow.models.dagbag.DagBag","filename":"dagbag.py","lineno":593}
{"timestamp":"2026-02-03T06:24:41.433201Z","level":"warning","event":"The `airflow.operators.bash.BashOperator` attribute is deprecated. Please use `'airflow.providers.standard.operators.bash.BashOperator'`.","category":"DeprecatedImportWarning","filename":"/opt/airflow/dags/3_operators.py","lineno":2,"logger":"py.warnings"}
{"timestamp":"2026-02-03T06:25:12.294501Z","level":"info","event":"Filling up the DagBag from /opt/airflow/dags/3_operators.py","logger":"airflow.models.dagbag.DagBag","filename":"dagbag.py","lineno":593}
{"timestamp":"2026-02-03T06:25:12.340159Z","level":"warning","event":"The `airflow.operators.bash.BashOperator` attribute is deprecated. Please use `'airflow.providers.standard.operators.bash.BashOperator'`.","category":"DeprecatedImportWarning","filename":"/opt/airflow/dags/3_operators.py","lineno":2,"logger":"py.warnings"}
{"timestamp":"2026-02-03T06:25:42.811421Z","level":"info","event":"Filling up the DagBag from /opt/airflow/dags/3_operators.py","logger":"airflow.models.dagbag.DagBag","filename":"dagbag.py","lineno":593}
{"timestamp":"2026-02-03T06:25:42.845578Z","level":"warning","event":"The `airflow.operators.bash.BashOperator` attribute is deprecated. Please use `'airflow.providers.standard.operators.bash.BashOperator'`.","category":"DeprecatedImportWarning","filename":"/opt/airflow/dags/3_operators.py","lineno":2,"logger":"py.warnings"}
{"timestamp":"2026-02-03T06:26:13.766202Z","level":"info","event":"Filling up the DagBag from /opt/airflow/dags/3_operators.py","logger":"airflow.models.dagbag.DagBag","filename":"dagbag.py","lineno":593}
{"timestamp":"2026-02-03T06:26:13.846969Z","level":"warning","event":"The `airflow.operators.bash.BashOperator` attribute is deprecated. Please use `'airflow.providers.standard.operators.bash.BashOperator'`.","category":"DeprecatedImportWarning","filename":"/opt/airflow/dags/3_operators.py","lineno":2,"logger":"py.warnings"}
{"timestamp":"2026-02-03T06:26:44.659826Z","level":"info","event":"Filling up the DagBag from /opt/airflow/dags/3_operators.py","logger":"airflow.models.dagbag.DagBag","filename":"dagbag.py","lineno":593}
{"timestamp":"2026-02-03T06:26:44.692443Z","level":"warning","event":"The `airflow.operators.bash.BashOperator` attribute is deprecated. Please use `'airflow.providers.standard.operators.bash.BashOperator'`.","category":"DeprecatedImportWarning","filename":"/opt/airflow/dags/3_operators.py","lineno":2,"logger":"py.warnings"}
{"timestamp":"2026-02-03T06:27:15.013509Z","level":"info","event":"Filling up the DagBag from /opt/airflow/dags/3_operators.py","logger":"airflow.models.dagbag.DagBag","filename":"dagbag.py","lineno":593}
{"timestamp":"2026-02-03T06:27:15.115999Z","level":"warning","event":"The `airflow.operators.bash.BashOperator` attribute is deprecated. Please use `'airflow.providers.standard.operators.bash.BashOperator'`.","category":"DeprecatedImportWarning","filename":"/opt/airflow/dags/3_operators.py","lineno":2,"logger":"py.warnings"}
{"timestamp":"2026-02-03T06:27:45.457915Z","level":"info","event":"Filling up the DagBag from /opt/airflow/dags/3_operators.py","logger":"airflow.models.dagbag.DagBag","filename":"dagbag.py","lineno":593}
{"timestamp":"2026-02-03T06:27:45.621812Z","level":"warning","event":"The `airflow.operators.bash.BashOperator` attribute is deprecated. Please use `'airflow.providers.standard.operators.bash.BashOperator'`.","category":"DeprecatedImportWarning","filename":"/opt/airflow/dags/3_operators.py","lineno":2,"logger":"py.warnings"}
{"timestamp":"2026-02-03T06:28:16.230552Z","level":"info","event":"Filling up the DagBag from /opt/airflow/dags/3_operators.py","logger":"airflow.models.dagbag.DagBag","filename":"dagbag.py","lineno":593}
{"timestamp":"2026-02-03T06:28:16.688342Z","level":"warning","event":"The `airflow.operators.bash.BashOperator` attribute is deprecated. Please use `'airflow.providers.standard.operators.bash.BashOperator'`.","category":"DeprecatedImportWarning","filename":"/opt/airflow/dags/3_operators.py","lineno":2,"logger":"py.warnings"}
{"timestamp":"2026-02-03T06:28:47.433456Z","level":"info","event":"Filling up the DagBag from /opt/airflow/dags/3_operators.py","logger":"airflow.models.dagbag.DagBag","filename":"dagbag.py","lineno":593}
{"timestamp":"2026-02-03T06:28:47.500131Z","level":"warning","event":"The `airflow.operators.bash.BashOperator` attribute is deprecated. Please use `'airflow.providers.standard.operators.bash.BashOperator'`.","category":"DeprecatedImportWarning","filename":"/opt/airflow/dags/3_operators.py","lineno":2,"logger":"py.warnings"}
{"timestamp":"2026-02-03T06:29:18.032097Z","level":"info","event":"Filling up the DagBag from /opt/airflow/dags/3_operators.py","logger":"airflow.models.dagbag.DagBag","filename":"dagbag.py","lineno":593}
{"timestamp":"2026-02-03T06:29:18.083222Z","level":"warning","event":"The `airflow.operators.bash.BashOperator` attribute is deprecated. Please use `'airflow.providers.standard.operators.bash.BashOperator'`.","category":"DeprecatedImportWarning","filename":"/opt/airflow/dags/3_operators.py","lineno":2,"logger":"py.warnings"}
{"timestamp":"2026-02-03T06:29:49.219409Z","level":"info","event":"Filling up the DagBag from /opt/airflow/dags/3_operators.py","logger":"airflow.models.dagbag.DagBag","filename":"dagbag.py","lineno":593}
{"timestamp":"2026-02-03T06:29:49.260336Z","level":"warning","event":"The `airflow.operators.bash.BashOperator` attribute is deprecated. Please use `'airflow.providers.standard.operators.bash.BashOperator'`.","category":"DeprecatedImportWarning","filename":"/opt/airflow/dags/3_operators.py","lineno":2,"logger":"py.warnings"}
{"timestamp":"2026-02-03T06:30:20.408004Z","level":"info","event":"Filling up the DagBag from /opt/airflow/dags/3_operators.py","logger":"airflow.models.dagbag.DagBag","filename":"dagbag.py","lineno":593}
{"timestamp":"2026-02-03T06:30:20.602113Z","level":"warning","event":"The `airflow.operators.bash.BashOperator` attribute is deprecated. Please use `'airflow.providers.standard.operators.bash.BashOperator'`.","category":"DeprecatedImportWarning","filename":"/opt/airflow/dags/3_operators.py","lineno":2,"logger":"py.warnings"}
{"timestamp":"2026-02-03T06:30:51.082468Z","level":"info","event":"Filling up the DagBag from /opt/airflow/dags/3_operators.py","logger":"airflow.models.dagbag.DagBag","filename":"dagbag.py","lineno":593}
{"timestamp":"2026-02-03T06:30:51.131448Z","level":"warning","event":"The `airflow.operators.bash.BashOperator` attribute is deprecated. Please use `'airflow.providers.standard.operators.bash.BashOperator'`.","category":"DeprecatedImportWarning","filename":"/opt/airflow/dags/3_operators.py","lineno":2,"logger":"py.warnings"}
{"timestamp":"2026-02-03T06:31:22.355067Z","level":"info","event":"Filling up the DagBag from /opt/airflow/dags/3_operators.py","logger":"airflow.models.dagbag.DagBag","filename":"dagbag.py","lineno":593}
{"timestamp":"2026-02-03T06:31:22.389851Z","level":"warning","event":"The `airflow.operators.bash.BashOperator` attribute is deprecated. Please use `'airflow.providers.standard.operators.bash.BashOperator'`.","category":"DeprecatedImportWarning","filename":"/opt/airflow/dags/3_operators.py","lineno":2,"logger":"py.warnings"}
{"timestamp":"2026-02-03T06:31:52.828990Z","level":"info","event":"Filling up the DagBag from /opt/airflow/dags/3_operators.py","logger":"airflow.models.dagbag.DagBag","filename":"dagbag.py","lineno":593}
{"timestamp":"2026-02-03T06:31:52.933533Z","level":"warning","event":"The `airflow.operators.bash.BashOperator` attribute is deprecated. Please use `'airflow.providers.standard.operators.bash.BashOperator'`.","category":"DeprecatedImportWarning","filename":"/opt/airflow/dags/3_operators.py","lineno":2,"logger":"py.warnings"}
{"timestamp":"2026-02-03T06:32:23.838311Z","level":"info","event":"Filling up the DagBag from /opt/airflow/dags/3_operators.py","logger":"airflow.models.dagbag.DagBag","filename":"dagbag.py","lineno":593}
{"timestamp":"2026-02-03T06:32:23.866920Z","level":"warning","event":"The `airflow.operators.bash.BashOperator` attribute is deprecated. Please use `'airflow.providers.standard.operators.bash.BashOperator'`.","category":"DeprecatedImportWarning","filename":"/opt/airflow/dags/3_operators.py","lineno":2,"logger":"py.warnings"}
{"timestamp":"2026-02-03T06:32:54.306561Z","level":"info","event":"Filling up the DagBag from /opt/airflow/dags/3_operators.py","logger":"airflow.models.dagbag.DagBag","filename":"dagbag.py","lineno":593}
{"timestamp":"2026-02-03T06:32:54.347576Z","level":"warning","event":"The `airflow.operators.bash.BashOperator` attribute is deprecated. Please use `'airflow.providers.standard.operators.bash.BashOperator'`.","category":"DeprecatedImportWarning","filename":"/opt/airflow/dags/3_operators.py","lineno":2,"logger":"py.warnings"}
{"timestamp":"2026-02-03T06:33:25.842016Z","level":"info","event":"Filling up the DagBag from /opt/airflow/dags/3_operators.py","logger":"airflow.models.dagbag.DagBag","filename":"dagbag.py","lineno":593}
{"timestamp":"2026-02-03T06:33:25.869752Z","level":"warning","event":"The `airflow.operators.bash.BashOperator` attribute is deprecated. Please use `'airflow.providers.standard.operators.bash.BashOperator'`.","category":"DeprecatedImportWarning","filename":"/opt/airflow/dags/3_operators.py","lineno":2,"logger":"py.warnings"}
{"timestamp":"2026-02-03T06:33:56.625793Z","level":"info","event":"Filling up the DagBag from /opt/airflow/dags/3_operators.py","logger":"airflow.models.dagbag.DagBag","filename":"dagbag.py","lineno":593}
{"timestamp":"2026-02-03T06:33:56.659653Z","level":"warning","event":"The `airflow.operators.bash.BashOperator` attribute is deprecated. Please use `'airflow.providers.standard.operators.bash.BashOperator'`.","category":"DeprecatedImportWarning","filename":"/opt/airflow/dags/3_operators.py","lineno":2,"logger":"py.warnings"}
{"timestamp":"2026-02-03T06:34:27.442883Z","level":"info","event":"Filling up the DagBag from /opt/airflow/dags/3_operators.py","logger":"airflow.models.dagbag.DagBag","filename":"dagbag.py","lineno":593}
{"timestamp":"2026-02-03T06:34:27.471494Z","level":"warning","event":"The `airflow.operators.bash.BashOperator` attribute is deprecated. Please use `'airflow.providers.standard.operators.bash.BashOperator'`.","category":"DeprecatedImportWarning","filename":"/opt/airflow/dags/3_operators.py","lineno":2,"logger":"py.warnings"}
{"timestamp":"2026-02-03T06:34:58.270713Z","level":"info","event":"Filling up the DagBag from /opt/airflow/dags/3_operators.py","logger":"airflow.models.dagbag.DagBag","filename":"dagbag.py","lineno":593}
{"timestamp":"2026-02-03T06:34:58.465742Z","level":"warning","event":"The `airflow.operators.bash.BashOperator` attribute is deprecated. Please use `'airflow.providers.standard.operators.bash.BashOperator'`.","category":"DeprecatedImportWarning","filename":"/opt/airflow/dags/3_operators.py","lineno":2,"logger":"py.warnings"}
{"timestamp":"2026-02-03T06:35:29.337863Z","level":"info","event":"Filling up the DagBag from /opt/airflow/dags/3_operators.py","logger":"airflow.models.dagbag.DagBag","filename":"dagbag.py","lineno":593}
{"timestamp":"2026-02-03T06:35:29.374391Z","level":"warning","event":"The `airflow.operators.bash.BashOperator` attribute is deprecated. Please use `'airflow.providers.standard.operators.bash.BashOperator'`.","category":"DeprecatedImportWarning","filename":"/opt/airflow/dags/3_operators.py","lineno":2,"logger":"py.warnings"}
{"timestamp":"2026-02-03T06:35:59.764793Z","level":"info","event":"Filling up the DagBag from /opt/airflow/dags/3_operators.py","logger":"airflow.models.dagbag.DagBag","filename":"dagbag.py","lineno":593}
{"timestamp":"2026-02-03T06:35:59.798694Z","level":"warning","event":"The `airflow.operators.bash.BashOperator` attribute is deprecated. Please use `'airflow.providers.standard.operators.bash.BashOperator'`.","category":"DeprecatedImportWarning","filename":"/opt/airflow/dags/3_operators.py","lineno":2,"logger":"py.warnings"}
{"timestamp":"2026-02-03T06:36:30.379832Z","level":"info","event":"Filling up the DagBag from /opt/airflow/dags/3_operators.py","logger":"airflow.models.dagbag.DagBag","filename":"dagbag.py","lineno":593}
{"timestamp":"2026-02-03T06:36:30.426023Z","level":"warning","event":"The `airflow.operators.bash.BashOperator` attribute is deprecated. Please use `'airflow.providers.standard.operators.bash.BashOperator'`.","category":"DeprecatedImportWarning","filename":"/opt/airflow/dags/3_operators.py","lineno":2,"logger":"py.warnings"}
{"timestamp":"2026-02-03T06:37:01.165200Z","level":"info","event":"Filling up the DagBag from /opt/airflow/dags/3_operators.py","logger":"airflow.models.dagbag.DagBag","filename":"dagbag.py","lineno":593}
{"timestamp":"2026-02-03T06:37:01.201151Z","level":"warning","event":"The `airflow.operators.bash.BashOperator` attribute is deprecated. Please use `'airflow.providers.standard.operators.bash.BashOperator'`.","category":"DeprecatedImportWarning","filename":"/opt/airflow/dags/3_operators.py","lineno":2,"logger":"py.warnings"}
{"timestamp":"2026-02-03T06:37:31.962522Z","level":"info","event":"Filling up the DagBag from /opt/airflow/dags/3_operators.py","logger":"airflow.models.dagbag.DagBag","filename":"dagbag.py","lineno":593}
{"timestamp":"2026-02-03T06:37:32.002995Z","level":"warning","event":"The `airflow.operators.bash.BashOperator` attribute is deprecated. Please use `'airflow.providers.standard.operators.bash.BashOperator'`.","category":"DeprecatedImportWarning","filename":"/opt/airflow/dags/3_operators.py","lineno":2,"logger":"py.warnings"}
{"timestamp":"2026-02-03T06:38:02.739297Z","level":"info","event":"Filling up the DagBag from /opt/airflow/dags/3_operators.py","logger":"airflow.models.dagbag.DagBag","filename":"dagbag.py","lineno":593}
{"timestamp":"2026-02-03T06:38:02.788572Z","level":"warning","event":"The `airflow.operators.bash.BashOperator` attribute is deprecated. Please use `'airflow.providers.standard.operators.bash.BashOperator'`.","category":"DeprecatedImportWarning","filename":"/opt/airflow/dags/3_operators.py","lineno":2,"logger":"py.warnings"}
{"timestamp":"2026-02-03T06:38:33.633645Z","level":"info","event":"Filling up the DagBag from /opt/airflow/dags/3_operators.py","logger":"airflow.models.dagbag.DagBag","filename":"dagbag.py","lineno":593}
{"timestamp":"2026-02-03T06:38:33.685303Z","level":"warning","event":"The `airflow.operators.bash.BashOperator` attribute is deprecated. Please use `'airflow.providers.standard.operators.bash.BashOperator'`.","category":"DeprecatedImportWarning","filename":"/opt/airflow/dags/3_operators.py","lineno":2,"logger":"py.warnings"}
{"timestamp":"2026-02-03T06:39:03.907061Z","level":"info","event":"Filling up the DagBag from /opt/airflow/dags/3_operators.py","logger":"airflow.models.dagbag.DagBag","filename":"dagbag.py","lineno":593}
{"timestamp":"2026-02-03T06:39:03.941788Z","level":"warning","event":"The `airflow.operators.bash.BashOperator` attribute is deprecated. Please use `'airflow.providers.standard.operators.bash.BashOperator'`.","category":"DeprecatedImportWarning","filename":"/opt/airflow/dags/3_operators.py","lineno":2,"logger":"py.warnings"}
{"timestamp":"2026-02-03T06:39:34.199885Z","level":"info","event":"Filling up the DagBag from /opt/airflow/dags/3_operators.py","logger":"airflow.models.dagbag.DagBag","filename":"dagbag.py","lineno":593}
{"timestamp":"2026-02-03T06:39:34.228649Z","level":"warning","event":"The `airflow.operators.bash.BashOperator` attribute is deprecated. Please use `'airflow.providers.standard.operators.bash.BashOperator'`.","category":"DeprecatedImportWarning","filename":"/opt/airflow/dags/3_operators.py","lineno":2,"logger":"py.warnings"}
{"timestamp":"2026-02-03T06:40:04.610182Z","level":"info","event":"Filling up the DagBag from /opt/airflow/dags/3_operators.py","logger":"airflow.models.dagbag.DagBag","filename":"dagbag.py","lineno":593}
{"timestamp":"2026-02-03T06:40:04.638443Z","level":"warning","event":"The `airflow.operators.bash.BashOperator` attribute is deprecated. Please use `'airflow.providers.standard.operators.bash.BashOperator'`.","category":"DeprecatedImportWarning","filename":"/opt/airflow/dags/3_operators.py","lineno":2,"logger":"py.warnings"}
{"timestamp":"2026-02-03T06:40:35.685837Z","level":"info","event":"Filling up the DagBag from /opt/airflow/dags/3_operators.py","logger":"airflow.models.dagbag.DagBag","filename":"dagbag.py","lineno":593}
{"timestamp":"2026-02-03T06:40:35.719956Z","level":"warning","event":"The `airflow.operators.bash.BashOperator` attribute is deprecated. Please use `'airflow.providers.standard.operators.bash.BashOperator'`.","category":"DeprecatedImportWarning","filename":"/opt/airflow/dags/3_operators.py","lineno":2,"logger":"py.warnings"}
{"timestamp":"2026-02-03T06:41:05.929531Z","level":"info","event":"Filling up the DagBag from /opt/airflow/dags/3_operators.py","logger":"airflow.models.dagbag.DagBag","filename":"dagbag.py","lineno":593}
{"timestamp":"2026-02-03T06:41:05.956030Z","level":"warning","event":"The `airflow.operators.bash.BashOperator` attribute is deprecated. Please use `'airflow.providers.standard.operators.bash.BashOperator'`.","category":"DeprecatedImportWarning","filename":"/opt/airflow/dags/3_operators.py","lineno":2,"logger":"py.warnings"}
{"timestamp":"2026-02-03T06:41:36.515343Z","level":"info","event":"Filling up the DagBag from /opt/airflow/dags/3_operators.py","logger":"airflow.models.dagbag.DagBag","filename":"dagbag.py","lineno":593}
{"timestamp":"2026-02-03T06:41:36.548327Z","level":"warning","event":"The `airflow.operators.bash.BashOperator` attribute is deprecated. Please use `'airflow.providers.standard.operators.bash.BashOperator'`.","category":"DeprecatedImportWarning","filename":"/opt/airflow/dags/3_operators.py","lineno":2,"logger":"py.warnings"}
{"timestamp":"2026-02-03T06:42:07.951322Z","level":"info","event":"Filling up the DagBag from /opt/airflow/dags/3_operators.py","logger":"airflow.models.dagbag.DagBag","filename":"dagbag.py","lineno":593}
{"timestamp":"2026-02-03T06:42:08.010051Z","level":"warning","event":"The `airflow.operators.bash.BashOperator` attribute is deprecated. Please use `'airflow.providers.standard.operators.bash.BashOperator'`.","category":"DeprecatedImportWarning","filename":"/opt/airflow/dags/3_operators.py","lineno":2,"logger":"py.warnings"}
{"timestamp":"2026-02-03T06:42:38.940650Z","level":"info","event":"Filling up the DagBag from /opt/airflow/dags/3_operators.py","logger":"airflow.models.dagbag.DagBag","filename":"dagbag.py","lineno":593}
{"timestamp":"2026-02-03T06:42:38.973664Z","level":"warning","event":"The `airflow.operators.bash.BashOperator` attribute is deprecated. Please use `'airflow.providers.standard.operators.bash.BashOperator'`.","category":"DeprecatedImportWarning","filename":"/opt/airflow/dags/3_operators.py","lineno":2,"logger":"py.warnings"}
{"timestamp":"2026-02-03T06:43:09.314437Z","level":"info","event":"Filling up the DagBag from /opt/airflow/dags/3_operators.py","logger":"airflow.models.dagbag.DagBag","filename":"dagbag.py","lineno":593}
{"timestamp":"2026-02-03T06:43:09.475749Z","level":"warning","event":"The `airflow.operators.bash.BashOperator` attribute is deprecated. Please use `'airflow.providers.standard.operators.bash.BashOperator'`.","category":"DeprecatedImportWarning","filename":"/opt/airflow/dags/3_operators.py","lineno":2,"logger":"py.warnings"}
{"timestamp":"2026-02-03T06:43:40.106538Z","level":"info","event":"Filling up the DagBag from /opt/airflow/dags/3_operators.py","logger":"airflow.models.dagbag.DagBag","filename":"dagbag.py","lineno":593}
{"timestamp":"2026-02-03T06:43:40.136704Z","level":"warning","event":"The `airflow.operators.bash.BashOperator` attribute is deprecated. Please use `'airflow.providers.standard.operators.bash.BashOperator'`.","category":"DeprecatedImportWarning","filename":"/opt/airflow/dags/3_operators.py","lineno":2,"logger":"py.warnings"}
{"timestamp":"2026-02-03T06:44:10.390395Z","level":"info","event":"Filling up the DagBag from /opt/airflow/dags/3_operators.py","logger":"airflow.models.dagbag.DagBag","filename":"dagbag.py","lineno":593}
{"timestamp":"2026-02-03T06:44:10.437707Z","level":"warning","event":"The `airflow.operators.bash.BashOperator` attribute is deprecated. Please use `'airflow.providers.standard.operators.bash.BashOperator'`.","category":"DeprecatedImportWarning","filename":"/opt/airflow/dags/3_operators.py","lineno":2,"logger":"py.warnings"}
{"timestamp":"2026-02-03T06:44:40.735085Z","level":"info","event":"Filling up the DagBag from /opt/airflow/dags/3_operators.py","logger":"airflow.models.dagbag.DagBag","filename":"dagbag.py","lineno":593}
{"timestamp":"2026-02-03T06:44:40.772369Z","level":"warning","event":"The `airflow.operators.bash.BashOperator` attribute is deprecated. Please use `'airflow.providers.standard.operators.bash.BashOperator'`.","category":"DeprecatedImportWarning","filename":"/opt/airflow/dags/3_operators.py","lineno":2,"logger":"py.warnings"}
{"timestamp":"2026-02-03T06:45:11.401637Z","level":"info","event":"Filling up the DagBag from /opt/airflow/dags/3_operators.py","logger":"airflow.models.dagbag.DagBag","filename":"dagbag.py","lineno":593}
{"timestamp":"2026-02-03T06:45:11.565647Z","level":"warning","event":"The `airflow.operators.bash.BashOperator` attribute is deprecated. Please use `'airflow.providers.standard.operators.bash.BashOperator'`.","category":"DeprecatedImportWarning","filename":"/opt/airflow/dags/3_operators.py","lineno":2,"logger":"py.warnings"}
{"timestamp":"2026-02-03T06:45:42.352031Z","level":"info","event":"Filling up the DagBag from /opt/airflow/dags/3_operators.py","logger":"airflow.models.dagbag.DagBag","filename":"dagbag.py","lineno":593}
{"timestamp":"2026-02-03T06:45:42.387691Z","level":"warning","event":"The `airflow.operators.bash.BashOperator` attribute is deprecated. Please use `'airflow.providers.standard.operators.bash.BashOperator'`.","category":"DeprecatedImportWarning","filename":"/opt/airflow/dags/3_operators.py","lineno":2,"logger":"py.warnings"}
{"timestamp":"2026-02-03T06:46:12.840191Z","level":"info","event":"Filling up the DagBag from /opt/airflow/dags/3_operators.py","logger":"airflow.models.dagbag.DagBag","filename":"dagbag.py","lineno":593}
{"timestamp":"2026-02-03T06:46:12.938301Z","level":"warning","event":"The `airflow.operators.bash.BashOperator` attribute is deprecated. Please use `'airflow.providers.standard.operators.bash.BashOperator'`.","category":"DeprecatedImportWarning","filename":"/opt/airflow/dags/3_operators.py","lineno":2,"logger":"py.warnings"}
{"timestamp":"2026-02-03T06:46:43.403529Z","level":"info","event":"Filling up the DagBag from /opt/airflow/dags/3_operators.py","logger":"airflow.models.dagbag.DagBag","filename":"dagbag.py","lineno":593}
{"timestamp":"2026-02-03T06:46:43.430075Z","level":"warning","event":"The `airflow.operators.bash.BashOperator` attribute is deprecated. Please use `'airflow.providers.standard.operators.bash.BashOperator'`.","category":"DeprecatedImportWarning","filename":"/opt/airflow/dags/3_operators.py","lineno":2,"logger":"py.warnings"}
{"timestamp":"2026-02-03T06:47:13.841348Z","level":"info","event":"Filling up the DagBag from /opt/airflow/dags/3_operators.py","logger":"airflow.models.dagbag.DagBag","filename":"dagbag.py","lineno":593}
{"timestamp":"2026-02-03T06:47:13.878776Z","level":"warning","event":"The `airflow.operators.bash.BashOperator` attribute is deprecated. Please use `'airflow.providers.standard.operators.bash.BashOperator'`.","category":"DeprecatedImportWarning","filename":"/opt/airflow/dags/3_operators.py","lineno":2,"logger":"py.warnings"}
{"timestamp":"2026-02-03T06:47:44.535788Z","level":"info","event":"Filling up the DagBag from /opt/airflow/dags/3_operators.py","logger":"airflow.models.dagbag.DagBag","filename":"dagbag.py","lineno":593}
{"timestamp":"2026-02-03T06:47:44.573157Z","level":"warning","event":"The `airflow.operators.bash.BashOperator` attribute is deprecated. Please use `'airflow.providers.standard.operators.bash.BashOperator'`.","category":"DeprecatedImportWarning","filename":"/opt/airflow/dags/3_operators.py","lineno":2,"logger":"py.warnings"}
{"timestamp":"2026-02-03T06:48:14.867405Z","level":"info","event":"Filling up the DagBag from /opt/airflow/dags/3_operators.py","logger":"airflow.models.dagbag.DagBag","filename":"dagbag.py","lineno":593}
{"timestamp":"2026-02-03T06:48:14.919191Z","level":"warning","event":"The `airflow.operators.bash.BashOperator` attribute is deprecated. Please use `'airflow.providers.standard.operators.bash.BashOperator'`.","category":"DeprecatedImportWarning","filename":"/opt/airflow/dags/3_operators.py","lineno":2,"logger":"py.warnings"}
{"timestamp":"2026-02-03T06:48:45.274048Z","level":"info","event":"Filling up the DagBag from /opt/airflow/dags/3_operators.py","logger":"airflow.models.dagbag.DagBag","filename":"dagbag.py","lineno":593}
{"timestamp":"2026-02-03T06:48:45.325995Z","level":"warning","event":"The `airflow.operators.bash.BashOperator` attribute is deprecated. Please use `'airflow.providers.standard.operators.bash.BashOperator'`.","category":"DeprecatedImportWarning","filename":"/opt/airflow/dags/3_operators.py","lineno":2,"logger":"py.warnings"}
{"timestamp":"2026-02-03T06:49:15.839186Z","level":"info","event":"Filling up the DagBag from /opt/airflow/dags/3_operators.py","logger":"airflow.models.dagbag.DagBag","filename":"dagbag.py","lineno":593}
{"timestamp":"2026-02-03T06:49:15.869249Z","level":"warning","event":"The `airflow.operators.bash.BashOperator` attribute is deprecated. Please use `'airflow.providers.standard.operators.bash.BashOperator'`.","category":"DeprecatedImportWarning","filename":"/opt/airflow/dags/3_operators.py","lineno":2,"logger":"py.warnings"}
{"timestamp":"2026-02-03T06:49:46.248871Z","level":"info","event":"Filling up the DagBag from /opt/airflow/dags/3_operators.py","logger":"airflow.models.dagbag.DagBag","filename":"dagbag.py","lineno":593}
{"timestamp":"2026-02-03T06:49:46.279537Z","level":"warning","event":"The `airflow.operators.bash.BashOperator` attribute is deprecated. Please use `'airflow.providers.standard.operators.bash.BashOperator'`.","category":"DeprecatedImportWarning","filename":"/opt/airflow/dags/3_operators.py","lineno":2,"logger":"py.warnings"}
{"timestamp":"2026-02-03T06:50:17.199235Z","level":"info","event":"Filling up the DagBag from /opt/airflow/dags/3_operators.py","logger":"airflow.models.dagbag.DagBag","filename":"dagbag.py","lineno":593}
{"timestamp":"2026-02-03T06:50:17.516120Z","level":"warning","event":"The `airflow.operators.bash.BashOperator` attribute is deprecated. Please use `'airflow.providers.standard.operators.bash.BashOperator'`.","category":"DeprecatedImportWarning","filename":"/opt/airflow/dags/3_operators.py","lineno":2,"logger":"py.warnings"}
{"timestamp":"2026-02-03T06:50:48.930496Z","level":"info","event":"Filling up the DagBag from /opt/airflow/dags/3_operators.py","logger":"airflow.models.dagbag.DagBag","filename":"dagbag.py","lineno":593}
{"timestamp":"2026-02-03T06:50:48.956874Z","level":"warning","event":"The `airflow.operators.bash.BashOperator` attribute is deprecated. Please use `'airflow.providers.standard.operators.bash.BashOperator'`.","category":"DeprecatedImportWarning","filename":"/opt/airflow/dags/3_operators.py","lineno":2,"logger":"py.warnings"}
{"timestamp":"2026-02-03T06:51:19.101472Z","level":"info","event":"Filling up the DagBag from /opt/airflow/dags/3_operators.py","logger":"airflow.models.dagbag.DagBag","filename":"dagbag.py","lineno":593}
{"timestamp":"2026-02-03T06:51:19.134981Z","level":"warning","event":"The `airflow.operators.bash.BashOperator` attribute is deprecated. Please use `'airflow.providers.standard.operators.bash.BashOperator'`.","category":"DeprecatedImportWarning","filename":"/opt/airflow/dags/3_operators.py","lineno":2,"logger":"py.warnings"}
{"timestamp":"2026-02-03T06:51:49.349833Z","level":"info","event":"Filling up the DagBag from /opt/airflow/dags/3_operators.py","logger":"airflow.models.dagbag.DagBag","filename":"dagbag.py","lineno":593}
{"timestamp":"2026-02-03T06:51:49.389983Z","level":"warning","event":"The `airflow.operators.bash.BashOperator` attribute is deprecated. Please use `'airflow.providers.standard.operators.bash.BashOperator'`.","category":"DeprecatedImportWarning","filename":"/opt/airflow/dags/3_operators.py","lineno":2,"logger":"py.warnings"}
{"timestamp":"2026-02-03T06:52:19.891865Z","level":"info","event":"Filling up the DagBag from /opt/airflow/dags/3_operators.py","logger":"airflow.models.dagbag.DagBag","filename":"dagbag.py","lineno":593}
{"timestamp":"2026-02-03T06:52:19.938715Z","level":"warning","event":"The `airflow.operators.bash.BashOperator` attribute is deprecated. Please use `'airflow.providers.standard.operators.bash.BashOperator'`.","category":"DeprecatedImportWarning","filename":"/opt/airflow/dags/3_operators.py","lineno":2,"logger":"py.warnings"}
{"timestamp":"2026-02-03T06:52:51.327782Z","level":"info","event":"Filling up the DagBag from /opt/airflow/dags/3_operators.py","logger":"airflow.models.dagbag.DagBag","filename":"dagbag.py","lineno":593}
{"timestamp":"2026-02-03T06:52:51.382427Z","level":"warning","event":"The `airflow.operators.bash.BashOperator` attribute is deprecated. Please use `'airflow.providers.standard.operators.bash.BashOperator'`.","category":"DeprecatedImportWarning","filename":"/opt/airflow/dags/3_operators.py","lineno":2,"logger":"py.warnings"}
{"timestamp":"2026-02-03T06:53:21.631336Z","level":"info","event":"Filling up the DagBag from /opt/airflow/dags/3_operators.py","logger":"airflow.models.dagbag.DagBag","filename":"dagbag.py","lineno":593}
{"timestamp":"2026-02-03T06:53:21.679964Z","level":"warning","event":"The `airflow.operators.bash.BashOperator` attribute is deprecated. Please use `'airflow.providers.standard.operators.bash.BashOperator'`.","category":"DeprecatedImportWarning","filename":"/opt/airflow/dags/3_operators.py","lineno":2,"logger":"py.warnings"}
{"timestamp":"2026-02-03T06:53:52.772720Z","level":"info","event":"Filling up the DagBag from /opt/airflow/dags/3_operators.py","logger":"airflow.models.dagbag.DagBag","filename":"dagbag.py","lineno":593}
{"timestamp":"2026-02-03T06:53:52.805737Z","level":"warning","event":"The `airflow.operators.bash.BashOperator` attribute is deprecated. Please use `'airflow.providers.standard.operators.bash.BashOperator'`.","category":"DeprecatedImportWarning","filename":"/opt/airflow/dags/3_operators.py","lineno":2,"logger":"py.warnings"}
{"timestamp":"2026-02-03T06:54:23.300114Z","level":"info","event":"Filling up the DagBag from /opt/airflow/dags/3_operators.py","logger":"airflow.models.dagbag.DagBag","filename":"dagbag.py","lineno":593}
{"timestamp":"2026-02-03T06:54:23.679121Z","level":"warning","event":"The `airflow.operators.bash.BashOperator` attribute is deprecated. Please use `'airflow.providers.standard.operators.bash.BashOperator'`.","category":"DeprecatedImportWarning","filename":"/opt/airflow/dags/3_operators.py","lineno":2,"logger":"py.warnings"}
{"timestamp":"2026-02-03T06:54:53.994888Z","level":"info","event":"Filling up the DagBag from /opt/airflow/dags/3_operators.py","logger":"airflow.models.dagbag.DagBag","filename":"dagbag.py","lineno":593}
{"timestamp":"2026-02-03T06:54:54.065016Z","level":"warning","event":"The `airflow.operators.bash.BashOperator` attribute is deprecated. Please use `'airflow.providers.standard.operators.bash.BashOperator'`.","category":"DeprecatedImportWarning","filename":"/opt/airflow/dags/3_operators.py","lineno":2,"logger":"py.warnings"}
{"timestamp":"2026-02-03T06:55:24.780118Z","level":"info","event":"Filling up the DagBag from /opt/airflow/dags/3_operators.py","logger":"airflow.models.dagbag.DagBag","filename":"dagbag.py","lineno":593}
{"timestamp":"2026-02-03T06:55:24.807944Z","level":"warning","event":"The `airflow.operators.bash.BashOperator` attribute is deprecated. Please use `'airflow.providers.standard.operators.bash.BashOperator'`.","category":"DeprecatedImportWarning","filename":"/opt/airflow/dags/3_operators.py","lineno":2,"logger":"py.warnings"}
{"timestamp":"2026-02-03T06:55:54.953964Z","level":"info","event":"Filling up the DagBag from /opt/airflow/dags/3_operators.py","logger":"airflow.models.dagbag.DagBag","filename":"dagbag.py","lineno":593}
{"timestamp":"2026-02-03T06:55:54.992703Z","level":"warning","event":"The `airflow.operators.bash.BashOperator` attribute is deprecated. Please use `'airflow.providers.standard.operators.bash.BashOperator'`.","category":"DeprecatedImportWarning","filename":"/opt/airflow/dags/3_operators.py","lineno":2,"logger":"py.warnings"}
{"timestamp":"2026-02-03T06:56:26.027069Z","level":"info","event":"Filling up the DagBag from /opt/airflow/dags/3_operators.py","logger":"airflow.models.dagbag.DagBag","filename":"dagbag.py","lineno":593}
{"timestamp":"2026-02-03T06:56:26.061434Z","level":"warning","event":"The `airflow.operators.bash.BashOperator` attribute is deprecated. Please use `'airflow.providers.standard.operators.bash.BashOperator'`.","category":"DeprecatedImportWarning","filename":"/opt/airflow/dags/3_operators.py","lineno":2,"logger":"py.warnings"}
{"timestamp":"2026-02-03T06:56:56.658150Z","level":"info","event":"Filling up the DagBag from /opt/airflow/dags/3_operators.py","logger":"airflow.models.dagbag.DagBag","filename":"dagbag.py","lineno":593}
{"timestamp":"2026-02-03T06:56:56.693268Z","level":"warning","event":"The `airflow.operators.bash.BashOperator` attribute is deprecated. Please use `'airflow.providers.standard.operators.bash.BashOperator'`.","category":"DeprecatedImportWarning","filename":"/opt/airflow/dags/3_operators.py","lineno":2,"logger":"py.warnings"}
{"timestamp":"2026-02-03T06:57:27.005640Z","level":"info","event":"Filling up the DagBag from /opt/airflow/dags/3_operators.py","logger":"airflow.models.dagbag.DagBag","filename":"dagbag.py","lineno":593}
{"timestamp":"2026-02-03T06:57:27.030680Z","level":"warning","event":"The `airflow.operators.bash.BashOperator` attribute is deprecated. Please use `'airflow.providers.standard.operators.bash.BashOperator'`.","category":"DeprecatedImportWarning","filename":"/opt/airflow/dags/3_operators.py","lineno":2,"logger":"py.warnings"}
{"timestamp":"2026-02-03T06:57:57.307233Z","level":"info","event":"Filling up the DagBag from /opt/airflow/dags/3_operators.py","logger":"airflow.models.dagbag.DagBag","filename":"dagbag.py","lineno":593}
{"timestamp":"2026-02-03T06:57:57.341552Z","level":"warning","event":"The `airflow.operators.bash.BashOperator` attribute is deprecated. Please use `'airflow.providers.standard.operators.bash.BashOperator'`.","category":"DeprecatedImportWarning","filename":"/opt/airflow/dags/3_operators.py","lineno":2,"logger":"py.warnings"}
{"timestamp":"2026-02-03T06:58:28.481916Z","level":"info","event":"Filling up the DagBag from /opt/airflow/dags/3_operators.py","logger":"airflow.models.dagbag.DagBag","filename":"dagbag.py","lineno":593}
{"timestamp":"2026-02-03T06:58:28.566922Z","level":"warning","event":"The `airflow.operators.bash.BashOperator` attribute is deprecated. Please use `'airflow.providers.standard.operators.bash.BashOperator'`.","category":"DeprecatedImportWarning","filename":"/opt/airflow/dags/3_operators.py","lineno":2,"logger":"py.warnings"}
{"timestamp":"2026-02-03T06:58:59.556580Z","level":"info","event":"Filling up the DagBag from /opt/airflow/dags/3_operators.py","logger":"airflow.models.dagbag.DagBag","filename":"dagbag.py","lineno":593}
{"timestamp":"2026-02-03T06:58:59.590546Z","level":"warning","event":"The `airflow.operators.bash.BashOperator` attribute is deprecated. Please use `'airflow.providers.standard.operators.bash.BashOperator'`.","category":"DeprecatedImportWarning","filename":"/opt/airflow/dags/3_operators.py","lineno":2,"logger":"py.warnings"}
{"timestamp":"2026-02-03T06:59:30.119537Z","level":"info","event":"Filling up the DagBag from /opt/airflow/dags/3_operators.py","logger":"airflow.models.dagbag.DagBag","filename":"dagbag.py","lineno":593}
{"timestamp":"2026-02-03T06:59:30.427252Z","level":"warning","event":"The `airflow.operators.bash.BashOperator` attribute is deprecated. Please use `'airflow.providers.standard.operators.bash.BashOperator'`.","category":"DeprecatedImportWarning","filename":"/opt/airflow/dags/3_operators.py","lineno":2,"logger":"py.warnings"}
{"timestamp":"2026-02-03T07:00:00.644380Z","level":"info","event":"Filling up the DagBag from /opt/airflow/dags/3_operators.py","logger":"airflow.models.dagbag.DagBag","filename":"dagbag.py","lineno":593}
{"timestamp":"2026-02-03T07:00:00.702442Z","level":"warning","event":"The `airflow.operators.bash.BashOperator` attribute is deprecated. Please use `'airflow.providers.standard.operators.bash.BashOperator'`.","category":"DeprecatedImportWarning","filename":"/opt/airflow/dags/3_operators.py","lineno":2,"logger":"py.warnings"}
{"timestamp":"2026-02-03T07:00:31.340383Z","level":"info","event":"Filling up the DagBag from /opt/airflow/dags/3_operators.py","logger":"airflow.models.dagbag.DagBag","filename":"dagbag.py","lineno":593}
{"timestamp":"2026-02-03T07:00:31.367784Z","level":"warning","event":"The `airflow.operators.bash.BashOperator` attribute is deprecated. Please use `'airflow.providers.standard.operators.bash.BashOperator'`.","category":"DeprecatedImportWarning","filename":"/opt/airflow/dags/3_operators.py","lineno":2,"logger":"py.warnings"}
{"timestamp":"2026-02-03T07:01:02.197041Z","level":"info","event":"Filling up the DagBag from /opt/airflow/dags/3_operators.py","logger":"airflow.models.dagbag.DagBag","filename":"dagbag.py","lineno":593}
{"timestamp":"2026-02-03T07:01:02.235143Z","level":"warning","event":"The `airflow.operators.bash.BashOperator` attribute is deprecated. Please use `'airflow.providers.standard.operators.bash.BashOperator'`.","category":"DeprecatedImportWarning","filename":"/opt/airflow/dags/3_operators.py","lineno":2,"logger":"py.warnings"}
{"timestamp":"2026-02-03T07:01:32.614138Z","level":"info","event":"Filling up the DagBag from /opt/airflow/dags/3_operators.py","logger":"airflow.models.dagbag.DagBag","filename":"dagbag.py","lineno":593}
{"timestamp":"2026-02-03T07:01:32.709722Z","level":"warning","event":"The `airflow.operators.bash.BashOperator` attribute is deprecated. Please use `'airflow.providers.standard.operators.bash.BashOperator'`.","category":"DeprecatedImportWarning","filename":"/opt/airflow/dags/3_operators.py","lineno":2,"logger":"py.warnings"}
{"timestamp":"2026-02-03T07:02:03.389019Z","level":"info","event":"Filling up the DagBag from /opt/airflow/dags/3_operators.py","logger":"airflow.models.dagbag.DagBag","filename":"dagbag.py","lineno":593}
{"timestamp":"2026-02-03T07:02:03.417373Z","level":"warning","event":"The `airflow.operators.bash.BashOperator` attribute is deprecated. Please use `'airflow.providers.standard.operators.bash.BashOperator'`.","category":"DeprecatedImportWarning","filename":"/opt/airflow/dags/3_operators.py","lineno":2,"logger":"py.warnings"}
{"timestamp":"2026-02-03T07:02:33.799754Z","level":"info","event":"Filling up the DagBag from /opt/airflow/dags/3_operators.py","logger":"airflow.models.dagbag.DagBag","filename":"dagbag.py","lineno":593}
{"timestamp":"2026-02-03T07:02:33.829409Z","level":"warning","event":"The `airflow.operators.bash.BashOperator` attribute is deprecated. Please use `'airflow.providers.standard.operators.bash.BashOperator'`.","category":"DeprecatedImportWarning","filename":"/opt/airflow/dags/3_operators.py","lineno":2,"logger":"py.warnings"}
{"timestamp":"2026-02-03T07:03:04.780682Z","level":"info","event":"Filling up the DagBag from /opt/airflow/dags/3_operators.py","logger":"airflow.models.dagbag.DagBag","filename":"dagbag.py","lineno":593}
{"timestamp":"2026-02-03T07:03:04.825322Z","level":"warning","event":"The `airflow.operators.bash.BashOperator` attribute is deprecated. Please use `'airflow.providers.standard.operators.bash.BashOperator'`.","category":"DeprecatedImportWarning","filename":"/opt/airflow/dags/3_operators.py","lineno":2,"logger":"py.warnings"}
{"timestamp":"2026-02-03T07:03:35.053611Z","level":"info","event":"Filling up the DagBag from /opt/airflow/dags/3_operators.py","logger":"airflow.models.dagbag.DagBag","filename":"dagbag.py","lineno":593}
{"timestamp":"2026-02-03T07:03:35.120312Z","level":"warning","event":"The `airflow.operators.bash.BashOperator` attribute is deprecated. Please use `'airflow.providers.standard.operators.bash.BashOperator'`.","category":"DeprecatedImportWarning","filename":"/opt/airflow/dags/3_operators.py","lineno":2,"logger":"py.warnings"}
{"timestamp":"2026-02-03T07:04:05.692157Z","level":"info","event":"Filling up the DagBag from /opt/airflow/dags/3_operators.py","logger":"airflow.models.dagbag.DagBag","filename":"dagbag.py","lineno":593}
{"timestamp":"2026-02-03T07:04:05.723188Z","level":"warning","event":"The `airflow.operators.bash.BashOperator` attribute is deprecated. Please use `'airflow.providers.standard.operators.bash.BashOperator'`.","category":"DeprecatedImportWarning","filename":"/opt/airflow/dags/3_operators.py","lineno":2,"logger":"py.warnings"}
{"timestamp":"2026-02-03T07:04:35.844744Z","level":"info","event":"Filling up the DagBag from /opt/airflow/dags/3_operators.py","logger":"airflow.models.dagbag.DagBag","filename":"dagbag.py","lineno":593}
{"timestamp":"2026-02-03T07:04:35.938075Z","level":"warning","event":"The `airflow.operators.bash.BashOperator` attribute is deprecated. Please use `'airflow.providers.standard.operators.bash.BashOperator'`.","category":"DeprecatedImportWarning","filename":"/opt/airflow/dags/3_operators.py","lineno":2,"logger":"py.warnings"}
{"timestamp":"2026-02-03T07:05:07.085564Z","level":"info","event":"Filling up the DagBag from /opt/airflow/dags/3_operators.py","logger":"airflow.models.dagbag.DagBag","filename":"dagbag.py","lineno":593}
{"timestamp":"2026-02-03T07:05:07.114396Z","level":"warning","event":"The `airflow.operators.bash.BashOperator` attribute is deprecated. Please use `'airflow.providers.standard.operators.bash.BashOperator'`.","category":"DeprecatedImportWarning","filename":"/opt/airflow/dags/3_operators.py","lineno":2,"logger":"py.warnings"}
